 INFO [main] 2018-04-25 21:27:00 (AbstractApplicationContext.java:589) Refreshing org.springframework.context.support.ClassPathXmlApplicationContext@1b7c473a: startup date [Wed Apr 25 21:26:59 CST 2018]; root of context hierarchy
 INFO [main] 2018-04-25 21:27:00 (XmlBeanDefinitionReader.java:316) Loading XML bean definitions from class path resource [spring/applicationContext-email.xml]
 INFO [main] 2018-04-25 21:28:05 (AbstractApplicationContext.java:589) Refreshing org.springframework.context.support.ClassPathXmlApplicationContext@71812481: startup date [Wed Apr 25 21:28:05 CST 2018]; root of context hierarchy
 INFO [main] 2018-04-25 21:28:05 (XmlBeanDefinitionReader.java:316) Loading XML bean definitions from class path resource [spring/applicationContext-email.xml]
 INFO [main] 2018-04-25 21:29:47 (AbstractApplicationContext.java:589) Refreshing org.springframework.context.support.ClassPathXmlApplicationContext@16ce702d: startup date [Wed Apr 25 21:29:47 CST 2018]; root of context hierarchy
 INFO [main] 2018-04-25 21:29:47 (XmlBeanDefinitionReader.java:316) Loading XML bean definitions from class path resource [spring/applicationContext-email.xml]
 INFO [main] 2018-04-25 21:32:45 (AbstractApplicationContext.java:589) Refreshing org.springframework.context.support.ClassPathXmlApplicationContext@71812481: startup date [Wed Apr 25 21:32:45 CST 2018]; root of context hierarchy
 INFO [main] 2018-04-25 21:32:45 (XmlBeanDefinitionReader.java:316) Loading XML bean definitions from class path resource [spring/applicationContext-email.xml]
 INFO [main] 2018-04-25 21:35:09 (AbstractApplicationContext.java:589) Refreshing org.springframework.context.support.ClassPathXmlApplicationContext@71812481: startup date [Wed Apr 25 21:35:09 CST 2018]; root of context hierarchy
 INFO [main] 2018-04-25 21:35:09 (XmlBeanDefinitionReader.java:316) Loading XML bean definitions from class path resource [spring/applicationContext-email.xml]
 INFO [main] 2018-04-25 21:36:17 (AbstractApplicationContext.java:589) Refreshing org.springframework.context.support.ClassPathXmlApplicationContext@71812481: startup date [Wed Apr 25 21:36:17 CST 2018]; root of context hierarchy
 INFO [main] 2018-04-25 21:36:17 (XmlBeanDefinitionReader.java:316) Loading XML bean definitions from class path resource [spring/applicationContext-email.xml]
 INFO [main] 2018-04-25 21:37:37 (AbstractApplicationContext.java:589) Refreshing org.springframework.context.support.ClassPathXmlApplicationContext@71812481: startup date [Wed Apr 25 21:37:37 CST 2018]; root of context hierarchy
 INFO [main] 2018-04-25 21:37:37 (XmlBeanDefinitionReader.java:316) Loading XML bean definitions from class path resource [spring/applicationContext-email.xml]
 INFO [main] 2018-04-25 21:37:51 (AbstractApplicationContext.java:589) Refreshing org.springframework.context.support.ClassPathXmlApplicationContext@16ce702d: startup date [Wed Apr 25 21:37:51 CST 2018]; root of context hierarchy
 INFO [main] 2018-04-25 21:37:51 (XmlBeanDefinitionReader.java:316) Loading XML bean definitions from class path resource [spring/applicationContext-email.xml]
 INFO [main] 2018-04-25 21:39:05 (AbstractApplicationContext.java:589) Refreshing org.springframework.context.support.ClassPathXmlApplicationContext@71812481: startup date [Wed Apr 25 21:39:05 CST 2018]; root of context hierarchy
 INFO [main] 2018-04-25 21:39:05 (XmlBeanDefinitionReader.java:316) Loading XML bean definitions from class path resource [spring/applicationContext-email.xml]
 INFO [main] 2018-04-25 21:39:30 (AbstractApplicationContext.java:589) Refreshing org.springframework.context.support.ClassPathXmlApplicationContext@71812481: startup date [Wed Apr 25 21:39:30 CST 2018]; root of context hierarchy
 INFO [main] 2018-04-25 21:39:30 (XmlBeanDefinitionReader.java:316) Loading XML bean definitions from class path resource [spring/applicationContext-email.xml]
 INFO [main] 2018-04-25 21:40:16 (AbstractApplicationContext.java:589) Refreshing org.springframework.context.support.ClassPathXmlApplicationContext@71812481: startup date [Wed Apr 25 21:40:16 CST 2018]; root of context hierarchy
 INFO [main] 2018-04-25 21:40:16 (XmlBeanDefinitionReader.java:316) Loading XML bean definitions from class path resource [spring/applicationContext-email.xml]
 INFO [main] 2018-04-25 21:40:56 (AbstractApplicationContext.java:589) Refreshing org.springframework.context.support.ClassPathXmlApplicationContext@71812481: startup date [Wed Apr 25 21:40:56 CST 2018]; root of context hierarchy
 INFO [main] 2018-04-25 21:40:56 (XmlBeanDefinitionReader.java:316) Loading XML bean definitions from class path resource [spring/applicationContext-email.xml]
 INFO [main] 2018-04-25 21:46:14 (AbstractApplicationContext.java:589) Refreshing org.springframework.context.support.ClassPathXmlApplicationContext@71812481: startup date [Wed Apr 25 21:46:14 CST 2018]; root of context hierarchy
 INFO [main] 2018-04-25 21:46:14 (XmlBeanDefinitionReader.java:316) Loading XML bean definitions from class path resource [spring/applicationContext-email.xml]
 INFO [main] 2018-04-25 21:46:57 (AbstractApplicationContext.java:589) Refreshing org.springframework.context.support.ClassPathXmlApplicationContext@71812481: startup date [Wed Apr 25 21:46:57 CST 2018]; root of context hierarchy
 INFO [main] 2018-04-25 21:46:57 (XmlBeanDefinitionReader.java:316) Loading XML bean definitions from class path resource [spring/applicationContext-email.xml]
 INFO [main] 2018-04-25 21:48:15 (AbstractApplicationContext.java:589) Refreshing org.springframework.context.support.ClassPathXmlApplicationContext@71812481: startup date [Wed Apr 25 21:48:15 CST 2018]; root of context hierarchy
 INFO [main] 2018-04-25 21:48:15 (XmlBeanDefinitionReader.java:316) Loading XML bean definitions from class path resource [spring/applicationContext-email.xml]
 INFO [main] 2018-04-26 17:50:17 (AbstractApplicationContext.java:589) Refreshing org.springframework.context.support.ClassPathXmlApplicationContext@623e088f: startup date [Thu Apr 26 17:50:17 CST 2018]; root of context hierarchy
 INFO [main] 2018-04-26 17:50:17 (XmlBeanDefinitionReader.java:316) Loading XML bean definitions from class path resource [spring/applicationContext-email.xml]
 INFO [main] 2018-04-26 23:52:30 (AbstractApplicationContext.java:589) Refreshing org.springframework.context.support.ClassPathXmlApplicationContext@232a7d73: startup date [Thu Apr 26 23:52:30 CST 2018]; root of context hierarchy
 INFO [main] 2018-04-26 23:52:30 (XmlBeanDefinitionReader.java:316) Loading XML bean definitions from class path resource [spring/applicationContext-mybatis.xml]
 INFO [main] 2018-04-26 23:52:31 (AutowiredAnnotationBeanPostProcessor.java:154) JSR-330 'javax.inject.Inject' annotation found and supported for autowiring
 INFO [main] 2018-04-26 23:52:33 (CglibAopProxy.java:266) Final method [public final void org.springframework.dao.support.DaoSupport.afterPropertiesSet() throws java.lang.IllegalArgumentException,org.springframework.beans.factory.BeanInitializationException] cannot get proxied via CGLIB: Calls to this method will NOT be routed to the target instance and might lead to NPEs against uninitialized fields in the proxy instance.
 INFO [main] 2018-04-26 23:52:33 (CglibAopProxy.java:266) Final method [public final void org.springframework.dao.support.DaoSupport.afterPropertiesSet() throws java.lang.IllegalArgumentException,org.springframework.beans.factory.BeanInitializationException] cannot get proxied via CGLIB: Calls to this method will NOT be routed to the target instance and might lead to NPEs against uninitialized fields in the proxy instance.
 INFO [main] 2018-04-26 23:54:07 (AbstractApplicationContext.java:589) Refreshing org.springframework.context.support.ClassPathXmlApplicationContext@28e8dde3: startup date [Thu Apr 26 23:54:07 CST 2018]; root of context hierarchy
 INFO [main] 2018-04-26 23:54:07 (XmlBeanDefinitionReader.java:316) Loading XML bean definitions from class path resource [spring/applicationContext-mybatis.xml]
 INFO [main] 2018-04-26 23:54:07 (AutowiredAnnotationBeanPostProcessor.java:154) JSR-330 'javax.inject.Inject' annotation found and supported for autowiring
 INFO [main] 2018-04-26 23:54:09 (CglibAopProxy.java:266) Final method [public final void org.springframework.dao.support.DaoSupport.afterPropertiesSet() throws java.lang.IllegalArgumentException,org.springframework.beans.factory.BeanInitializationException] cannot get proxied via CGLIB: Calls to this method will NOT be routed to the target instance and might lead to NPEs against uninitialized fields in the proxy instance.
 INFO [main] 2018-04-26 23:54:09 (CglibAopProxy.java:266) Final method [public final void org.springframework.dao.support.DaoSupport.afterPropertiesSet() throws java.lang.IllegalArgumentException,org.springframework.beans.factory.BeanInitializationException] cannot get proxied via CGLIB: Calls to this method will NOT be routed to the target instance and might lead to NPEs against uninitialized fields in the proxy instance.
 INFO [main] 2018-04-26 23:55:37 (AbstractApplicationContext.java:589) Refreshing org.springframework.context.support.ClassPathXmlApplicationContext@28e8dde3: startup date [Thu Apr 26 23:55:37 CST 2018]; root of context hierarchy
 INFO [main] 2018-04-26 23:55:37 (XmlBeanDefinitionReader.java:316) Loading XML bean definitions from class path resource [spring/spring-context.xml]
 INFO [main] 2018-04-26 23:55:37 (XmlBeanDefinitionReader.java:316) Loading XML bean definitions from class path resource [spring/applicationContext-mybatis.xml]
 INFO [main] 2018-04-26 23:55:37 (XmlBeanDefinitionReader.java:316) Loading XML bean definitions from class path resource [spring/applicationContext-cache.xml]
 INFO [main] 2018-04-26 23:55:37 (XmlBeanDefinitionReader.java:316) Loading XML bean definitions from class path resource [spring/applicationContext-shiro.xml]
 INFO [main] 2018-04-26 23:55:38 (XmlBeanDefinitionReader.java:316) Loading XML bean definitions from class path resource [spring/applicationContext-kaptcha.xml]
 INFO [main] 2018-04-26 23:55:38 (XmlBeanDefinitionReader.java:316) Loading XML bean definitions from class path resource [spring/applicationContext-email.xml]
 INFO [main] 2018-04-26 23:55:38 (AutowiredAnnotationBeanPostProcessor.java:154) JSR-330 'javax.inject.Inject' annotation found and supported for autowiring
 INFO [main] 2018-04-26 23:55:40 (PostProcessorRegistrationDelegate.java:328) Bean 'dataSource' of type [com.alibaba.druid.pool.DruidDataSource] is not eligible for getting processed by all BeanPostProcessors (for example: not eligible for auto-proxying)
 INFO [main] 2018-04-26 23:55:41 (PostProcessorRegistrationDelegate.java:328) Bean 'sqlSessionFactory' of type [org.mybatis.spring.SqlSessionFactoryBean] is not eligible for getting processed by all BeanPostProcessors (for example: not eligible for auto-proxying)
 INFO [main] 2018-04-26 23:55:41 (PostProcessorRegistrationDelegate.java:328) Bean 'sqlSessionFactory' of type [org.apache.ibatis.session.defaults.DefaultSqlSessionFactory] is not eligible for getting processed by all BeanPostProcessors (for example: not eligible for auto-proxying)
 INFO [main] 2018-04-26 23:55:41 (PostProcessorRegistrationDelegate.java:328) Bean 'osUserMapper' of type [org.mybatis.spring.mapper.MapperFactoryBean] is not eligible for getting processed by all BeanPostProcessors (for example: not eligible for auto-proxying)
 INFO [main] 2018-04-26 23:55:41 (PostProcessorRegistrationDelegate.java:328) Bean 'osUserMapper' of type [com.sun.proxy.$Proxy41] is not eligible for getting processed by all BeanPostProcessors (for example: not eligible for auto-proxying)
 INFO [main] 2018-04-26 23:55:41 (PostProcessorRegistrationDelegate.java:328) Bean 'userServiceImpl' of type [org.lanmei.user.UserServiceImpl] is not eligible for getting processed by all BeanPostProcessors (for example: not eligible for auto-proxying)
 INFO [main] 2018-04-26 23:55:41 (CglibAopProxy.java:266) Final method [public final void org.springframework.dao.support.DaoSupport.afterPropertiesSet() throws java.lang.IllegalArgumentException,org.springframework.beans.factory.BeanInitializationException] cannot get proxied via CGLIB: Calls to this method will NOT be routed to the target instance and might lead to NPEs against uninitialized fields in the proxy instance.
 INFO [main] 2018-04-26 23:55:42 (PostProcessorRegistrationDelegate.java:328) Bean 'org.apache.shiro.authc.credential.HashedCredentialsMatcher#1ee4730' of type [org.apache.shiro.authc.credential.HashedCredentialsMatcher] is not eligible for getting processed by all BeanPostProcessors (for example: not eligible for auto-proxying)
 INFO [main] 2018-04-26 23:55:42 (AuthorizingRealm.java:248) No cache or cacheManager properties have been set.  Authorization cache cannot be obtained.
 INFO [main] 2018-04-26 23:55:42 (PostProcessorRegistrationDelegate.java:328) Bean 'SystemAuthorizingRealm' of type [org.lanmei.cms.common.security.SystemAuthorizingRealm] is not eligible for getting processed by all BeanPostProcessors (for example: not eligible for auto-proxying)
 INFO [main] 2018-04-26 23:55:42 (PostProcessorRegistrationDelegate.java:328) Bean 'cacheManager' of type [org.apache.shiro.cache.MemoryConstrainedCacheManager] is not eligible for getting processed by all BeanPostProcessors (for example: not eligible for auto-proxying)
 INFO [main] 2018-04-26 23:55:42 (PostProcessorRegistrationDelegate.java:328) Bean 'rememberMeCookie' of type [org.apache.shiro.web.servlet.SimpleCookie] is not eligible for getting processed by all BeanPostProcessors (for example: not eligible for auto-proxying)
 INFO [main] 2018-04-26 23:55:42 (PostProcessorRegistrationDelegate.java:328) Bean 'rememberMeManager' of type [org.apache.shiro.web.mgt.CookieRememberMeManager] is not eligible for getting processed by all BeanPostProcessors (for example: not eligible for auto-proxying)
 INFO [main] 2018-04-26 23:55:42 (PostProcessorRegistrationDelegate.java:328) Bean 'sessionIdCookie' of type [org.apache.shiro.web.servlet.SimpleCookie] is not eligible for getting processed by all BeanPostProcessors (for example: not eligible for auto-proxying)
 INFO [main] 2018-04-26 23:55:42 (PostProcessorRegistrationDelegate.java:328) Bean 'jedisPoolConfig' of type [redis.clients.jedis.JedisPoolConfig] is not eligible for getting processed by all BeanPostProcessors (for example: not eligible for auto-proxying)
 INFO [main] 2018-04-26 23:55:43 (PostProcessorRegistrationDelegate.java:328) Bean 'jedisConnectionFactory' of type [org.springframework.data.redis.connection.jedis.JedisConnectionFactory] is not eligible for getting processed by all BeanPostProcessors (for example: not eligible for auto-proxying)
 INFO [main] 2018-04-26 23:55:43 (PostProcessorRegistrationDelegate.java:328) Bean 'org.springframework.data.redis.serializer.StringRedisSerializer#e24ddd0' of type [org.springframework.data.redis.serializer.StringRedisSerializer] is not eligible for getting processed by all BeanPostProcessors (for example: not eligible for auto-proxying)
 INFO [main] 2018-04-26 23:55:43 (PostProcessorRegistrationDelegate.java:328) Bean 'org.springframework.data.redis.serializer.JdkSerializationRedisSerializer#6f70f32f' of type [org.springframework.data.redis.serializer.JdkSerializationRedisSerializer] is not eligible for getting processed by all BeanPostProcessors (for example: not eligible for auto-proxying)
 INFO [main] 2018-04-26 23:55:43 (PostProcessorRegistrationDelegate.java:328) Bean 'org.springframework.data.redis.serializer.StringRedisSerializer#548e76f1' of type [org.springframework.data.redis.serializer.StringRedisSerializer] is not eligible for getting processed by all BeanPostProcessors (for example: not eligible for auto-proxying)
 INFO [main] 2018-04-26 23:55:43 (PostProcessorRegistrationDelegate.java:328) Bean 'org.springframework.data.redis.serializer.JdkSerializationRedisSerializer#5aabbb29' of type [org.springframework.data.redis.serializer.JdkSerializationRedisSerializer] is not eligible for getting processed by all BeanPostProcessors (for example: not eligible for auto-proxying)
 INFO [main] 2018-04-26 23:55:43 (PostProcessorRegistrationDelegate.java:328) Bean 'redisTemplate' of type [org.springframework.data.redis.core.RedisTemplate] is not eligible for getting processed by all BeanPostProcessors (for example: not eligible for auto-proxying)
 INFO [main] 2018-04-26 23:55:43 (PostProcessorRegistrationDelegate.java:328) Bean 'redisTemplateUtils' of type [org.lanmei.cms.cache.RedisTemplateUtils] is not eligible for getting processed by all BeanPostProcessors (for example: not eligible for auto-proxying)
 INFO [main] 2018-04-26 23:55:43 (PostProcessorRegistrationDelegate.java:328) Bean 'redisSessionDao' of type [org.lanmei.cms.common.shiro.RedisSessionDao] is not eligible for getting processed by all BeanPostProcessors (for example: not eligible for auto-proxying)
 INFO [main] 2018-04-26 23:55:43 (PostProcessorRegistrationDelegate.java:328) Bean 'sessionManager' of type [org.apache.shiro.web.session.mgt.DefaultWebSessionManager] is not eligible for getting processed by all BeanPostProcessors (for example: not eligible for auto-proxying)
 INFO [main] 2018-04-26 23:55:43 (PostProcessorRegistrationDelegate.java:328) Bean 'securityManager' of type [org.apache.shiro.web.mgt.DefaultWebSecurityManager] is not eligible for getting processed by all BeanPostProcessors (for example: not eligible for auto-proxying)
 INFO [main] 2018-04-26 23:55:43 (AuthorizingRealm.java:248) No cache or cacheManager properties have been set.  Authorization cache cannot be obtained.
 INFO [main] 2018-04-26 23:55:43 (CglibAopProxy.java:266) Final method [public final void org.springframework.dao.support.DaoSupport.afterPropertiesSet() throws java.lang.IllegalArgumentException,org.springframework.beans.factory.BeanInitializationException] cannot get proxied via CGLIB: Calls to this method will NOT be routed to the target instance and might lead to NPEs against uninitialized fields in the proxy instance.
 INFO [main] 2018-04-26 23:55:43 (CglibAopProxy.java:266) Final method [public final void org.springframework.dao.support.DaoSupport.afterPropertiesSet() throws java.lang.IllegalArgumentException,org.springframework.beans.factory.BeanInitializationException] cannot get proxied via CGLIB: Calls to this method will NOT be routed to the target instance and might lead to NPEs against uninitialized fields in the proxy instance.
 INFO [main] 2018-04-26 23:57:52 (AbstractApplicationContext.java:589) Refreshing org.springframework.context.support.ClassPathXmlApplicationContext@28e8dde3: startup date [Thu Apr 26 23:57:52 CST 2018]; root of context hierarchy
 INFO [main] 2018-04-26 23:57:52 (XmlBeanDefinitionReader.java:316) Loading XML bean definitions from class path resource [spring/spring-context.xml]
 INFO [main] 2018-04-26 23:57:52 (XmlBeanDefinitionReader.java:316) Loading XML bean definitions from class path resource [spring/applicationContext-mybatis.xml]
 INFO [main] 2018-04-26 23:57:52 (XmlBeanDefinitionReader.java:316) Loading XML bean definitions from class path resource [spring/applicationContext-cache.xml]
 INFO [main] 2018-04-26 23:57:52 (XmlBeanDefinitionReader.java:316) Loading XML bean definitions from class path resource [spring/applicationContext-shiro.xml]
 INFO [main] 2018-04-26 23:57:52 (XmlBeanDefinitionReader.java:316) Loading XML bean definitions from class path resource [spring/applicationContext-kaptcha.xml]
 INFO [main] 2018-04-26 23:57:52 (XmlBeanDefinitionReader.java:316) Loading XML bean definitions from class path resource [spring/applicationContext-email.xml]
 INFO [main] 2018-04-26 23:57:53 (AutowiredAnnotationBeanPostProcessor.java:154) JSR-330 'javax.inject.Inject' annotation found and supported for autowiring
 INFO [main] 2018-04-26 23:57:54 (PostProcessorRegistrationDelegate.java:328) Bean 'dataSource' of type [com.alibaba.druid.pool.DruidDataSource] is not eligible for getting processed by all BeanPostProcessors (for example: not eligible for auto-proxying)
 INFO [main] 2018-04-26 23:57:54 (PostProcessorRegistrationDelegate.java:328) Bean 'sqlSessionFactory' of type [org.mybatis.spring.SqlSessionFactoryBean] is not eligible for getting processed by all BeanPostProcessors (for example: not eligible for auto-proxying)
 INFO [main] 2018-04-26 23:57:54 (PostProcessorRegistrationDelegate.java:328) Bean 'sqlSessionFactory' of type [org.apache.ibatis.session.defaults.DefaultSqlSessionFactory] is not eligible for getting processed by all BeanPostProcessors (for example: not eligible for auto-proxying)
 INFO [main] 2018-04-26 23:57:54 (PostProcessorRegistrationDelegate.java:328) Bean 'osUserMapper' of type [org.mybatis.spring.mapper.MapperFactoryBean] is not eligible for getting processed by all BeanPostProcessors (for example: not eligible for auto-proxying)
 INFO [main] 2018-04-26 23:57:55 (PostProcessorRegistrationDelegate.java:328) Bean 'osUserMapper' of type [com.sun.proxy.$Proxy41] is not eligible for getting processed by all BeanPostProcessors (for example: not eligible for auto-proxying)
 INFO [main] 2018-04-26 23:57:55 (PostProcessorRegistrationDelegate.java:328) Bean 'userServiceImpl' of type [org.lanmei.user.UserServiceImpl] is not eligible for getting processed by all BeanPostProcessors (for example: not eligible for auto-proxying)
 INFO [main] 2018-04-26 23:57:55 (CglibAopProxy.java:266) Final method [public final void org.springframework.dao.support.DaoSupport.afterPropertiesSet() throws java.lang.IllegalArgumentException,org.springframework.beans.factory.BeanInitializationException] cannot get proxied via CGLIB: Calls to this method will NOT be routed to the target instance and might lead to NPEs against uninitialized fields in the proxy instance.
 INFO [main] 2018-04-26 23:57:55 (PostProcessorRegistrationDelegate.java:328) Bean 'org.apache.shiro.authc.credential.HashedCredentialsMatcher#3dd69f5a' of type [org.apache.shiro.authc.credential.HashedCredentialsMatcher] is not eligible for getting processed by all BeanPostProcessors (for example: not eligible for auto-proxying)
 INFO [main] 2018-04-26 23:57:55 (AuthorizingRealm.java:248) No cache or cacheManager properties have been set.  Authorization cache cannot be obtained.
 INFO [main] 2018-04-26 23:57:55 (PostProcessorRegistrationDelegate.java:328) Bean 'SystemAuthorizingRealm' of type [org.lanmei.cms.common.security.SystemAuthorizingRealm] is not eligible for getting processed by all BeanPostProcessors (for example: not eligible for auto-proxying)
 INFO [main] 2018-04-26 23:57:55 (PostProcessorRegistrationDelegate.java:328) Bean 'cacheManager' of type [org.apache.shiro.cache.MemoryConstrainedCacheManager] is not eligible for getting processed by all BeanPostProcessors (for example: not eligible for auto-proxying)
 INFO [main] 2018-04-26 23:57:55 (PostProcessorRegistrationDelegate.java:328) Bean 'rememberMeCookie' of type [org.apache.shiro.web.servlet.SimpleCookie] is not eligible for getting processed by all BeanPostProcessors (for example: not eligible for auto-proxying)
 INFO [main] 2018-04-26 23:57:55 (PostProcessorRegistrationDelegate.java:328) Bean 'rememberMeManager' of type [org.apache.shiro.web.mgt.CookieRememberMeManager] is not eligible for getting processed by all BeanPostProcessors (for example: not eligible for auto-proxying)
 INFO [main] 2018-04-26 23:57:55 (PostProcessorRegistrationDelegate.java:328) Bean 'sessionIdCookie' of type [org.apache.shiro.web.servlet.SimpleCookie] is not eligible for getting processed by all BeanPostProcessors (for example: not eligible for auto-proxying)
 INFO [main] 2018-04-26 23:57:55 (PostProcessorRegistrationDelegate.java:328) Bean 'jedisPoolConfig' of type [redis.clients.jedis.JedisPoolConfig] is not eligible for getting processed by all BeanPostProcessors (for example: not eligible for auto-proxying)
 INFO [main] 2018-04-26 23:57:55 (PostProcessorRegistrationDelegate.java:328) Bean 'jedisConnectionFactory' of type [org.springframework.data.redis.connection.jedis.JedisConnectionFactory] is not eligible for getting processed by all BeanPostProcessors (for example: not eligible for auto-proxying)
 INFO [main] 2018-04-26 23:57:55 (PostProcessorRegistrationDelegate.java:328) Bean 'org.springframework.data.redis.serializer.StringRedisSerializer#4eeea57d' of type [org.springframework.data.redis.serializer.StringRedisSerializer] is not eligible for getting processed by all BeanPostProcessors (for example: not eligible for auto-proxying)
 INFO [main] 2018-04-26 23:57:55 (PostProcessorRegistrationDelegate.java:328) Bean 'org.springframework.data.redis.serializer.JdkSerializationRedisSerializer#780ec4a5' of type [org.springframework.data.redis.serializer.JdkSerializationRedisSerializer] is not eligible for getting processed by all BeanPostProcessors (for example: not eligible for auto-proxying)
 INFO [main] 2018-04-26 23:57:55 (PostProcessorRegistrationDelegate.java:328) Bean 'org.springframework.data.redis.serializer.StringRedisSerializer#e24ddd0' of type [org.springframework.data.redis.serializer.StringRedisSerializer] is not eligible for getting processed by all BeanPostProcessors (for example: not eligible for auto-proxying)
 INFO [main] 2018-04-26 23:57:55 (PostProcessorRegistrationDelegate.java:328) Bean 'org.springframework.data.redis.serializer.JdkSerializationRedisSerializer#6f70f32f' of type [org.springframework.data.redis.serializer.JdkSerializationRedisSerializer] is not eligible for getting processed by all BeanPostProcessors (for example: not eligible for auto-proxying)
 INFO [main] 2018-04-26 23:57:55 (PostProcessorRegistrationDelegate.java:328) Bean 'redisTemplate' of type [org.springframework.data.redis.core.RedisTemplate] is not eligible for getting processed by all BeanPostProcessors (for example: not eligible for auto-proxying)
 INFO [main] 2018-04-26 23:57:55 (PostProcessorRegistrationDelegate.java:328) Bean 'redisTemplateUtils' of type [org.lanmei.cms.cache.RedisTemplateUtils] is not eligible for getting processed by all BeanPostProcessors (for example: not eligible for auto-proxying)
 INFO [main] 2018-04-26 23:57:55 (PostProcessorRegistrationDelegate.java:328) Bean 'redisSessionDao' of type [org.lanmei.cms.common.shiro.RedisSessionDao] is not eligible for getting processed by all BeanPostProcessors (for example: not eligible for auto-proxying)
 INFO [main] 2018-04-26 23:57:55 (PostProcessorRegistrationDelegate.java:328) Bean 'sessionManager' of type [org.apache.shiro.web.session.mgt.DefaultWebSessionManager] is not eligible for getting processed by all BeanPostProcessors (for example: not eligible for auto-proxying)
 INFO [main] 2018-04-26 23:57:55 (PostProcessorRegistrationDelegate.java:328) Bean 'securityManager' of type [org.apache.shiro.web.mgt.DefaultWebSecurityManager] is not eligible for getting processed by all BeanPostProcessors (for example: not eligible for auto-proxying)
 INFO [main] 2018-04-26 23:57:55 (AuthorizingRealm.java:248) No cache or cacheManager properties have been set.  Authorization cache cannot be obtained.
 INFO [main] 2018-04-26 23:57:55 (CglibAopProxy.java:266) Final method [public final void org.springframework.dao.support.DaoSupport.afterPropertiesSet() throws java.lang.IllegalArgumentException,org.springframework.beans.factory.BeanInitializationException] cannot get proxied via CGLIB: Calls to this method will NOT be routed to the target instance and might lead to NPEs against uninitialized fields in the proxy instance.
 INFO [main] 2018-04-26 23:57:55 (CglibAopProxy.java:266) Final method [public final void org.springframework.dao.support.DaoSupport.afterPropertiesSet() throws java.lang.IllegalArgumentException,org.springframework.beans.factory.BeanInitializationException] cannot get proxied via CGLIB: Calls to this method will NOT be routed to the target instance and might lead to NPEs against uninitialized fields in the proxy instance.
 INFO [main] 2018-04-26 23:59:24 (AbstractApplicationContext.java:589) Refreshing org.springframework.context.support.ClassPathXmlApplicationContext@28e8dde3: startup date [Thu Apr 26 23:59:24 CST 2018]; root of context hierarchy
 INFO [main] 2018-04-26 23:59:24 (XmlBeanDefinitionReader.java:316) Loading XML bean definitions from class path resource [spring/spring-context.xml]
 INFO [main] 2018-04-26 23:59:25 (XmlBeanDefinitionReader.java:316) Loading XML bean definitions from class path resource [spring/applicationContext-mybatis.xml]
 INFO [main] 2018-04-26 23:59:25 (XmlBeanDefinitionReader.java:316) Loading XML bean definitions from class path resource [spring/applicationContext-cache.xml]
 INFO [main] 2018-04-26 23:59:25 (XmlBeanDefinitionReader.java:316) Loading XML bean definitions from class path resource [spring/applicationContext-shiro.xml]
 INFO [main] 2018-04-26 23:59:25 (XmlBeanDefinitionReader.java:316) Loading XML bean definitions from class path resource [spring/applicationContext-kaptcha.xml]
 INFO [main] 2018-04-26 23:59:25 (XmlBeanDefinitionReader.java:316) Loading XML bean definitions from class path resource [spring/applicationContext-email.xml]
 INFO [main] 2018-04-26 23:59:25 (AutowiredAnnotationBeanPostProcessor.java:154) JSR-330 'javax.inject.Inject' annotation found and supported for autowiring
 INFO [main] 2018-04-26 23:59:27 (PostProcessorRegistrationDelegate.java:328) Bean 'dataSource' of type [com.alibaba.druid.pool.DruidDataSource] is not eligible for getting processed by all BeanPostProcessors (for example: not eligible for auto-proxying)
 INFO [main] 2018-04-26 23:59:27 (PostProcessorRegistrationDelegate.java:328) Bean 'sqlSessionFactory' of type [org.mybatis.spring.SqlSessionFactoryBean] is not eligible for getting processed by all BeanPostProcessors (for example: not eligible for auto-proxying)
 INFO [main] 2018-04-26 23:59:27 (PostProcessorRegistrationDelegate.java:328) Bean 'sqlSessionFactory' of type [org.apache.ibatis.session.defaults.DefaultSqlSessionFactory] is not eligible for getting processed by all BeanPostProcessors (for example: not eligible for auto-proxying)
 INFO [main] 2018-04-26 23:59:27 (PostProcessorRegistrationDelegate.java:328) Bean 'osUserMapper' of type [org.mybatis.spring.mapper.MapperFactoryBean] is not eligible for getting processed by all BeanPostProcessors (for example: not eligible for auto-proxying)
 INFO [main] 2018-04-26 23:59:27 (PostProcessorRegistrationDelegate.java:328) Bean 'osUserMapper' of type [com.sun.proxy.$Proxy41] is not eligible for getting processed by all BeanPostProcessors (for example: not eligible for auto-proxying)
 INFO [main] 2018-04-26 23:59:27 (PostProcessorRegistrationDelegate.java:328) Bean 'userServiceImpl' of type [org.lanmei.user.UserServiceImpl] is not eligible for getting processed by all BeanPostProcessors (for example: not eligible for auto-proxying)
 INFO [main] 2018-04-26 23:59:27 (CglibAopProxy.java:266) Final method [public final void org.springframework.dao.support.DaoSupport.afterPropertiesSet() throws java.lang.IllegalArgumentException,org.springframework.beans.factory.BeanInitializationException] cannot get proxied via CGLIB: Calls to this method will NOT be routed to the target instance and might lead to NPEs against uninitialized fields in the proxy instance.
 INFO [main] 2018-04-26 23:59:28 (PostProcessorRegistrationDelegate.java:328) Bean 'org.apache.shiro.authc.credential.HashedCredentialsMatcher#3dd69f5a' of type [org.apache.shiro.authc.credential.HashedCredentialsMatcher] is not eligible for getting processed by all BeanPostProcessors (for example: not eligible for auto-proxying)
 INFO [main] 2018-04-26 23:59:28 (AuthorizingRealm.java:248) No cache or cacheManager properties have been set.  Authorization cache cannot be obtained.
 INFO [main] 2018-04-26 23:59:28 (PostProcessorRegistrationDelegate.java:328) Bean 'SystemAuthorizingRealm' of type [org.lanmei.cms.common.security.SystemAuthorizingRealm] is not eligible for getting processed by all BeanPostProcessors (for example: not eligible for auto-proxying)
 INFO [main] 2018-04-26 23:59:28 (PostProcessorRegistrationDelegate.java:328) Bean 'cacheManager' of type [org.apache.shiro.cache.MemoryConstrainedCacheManager] is not eligible for getting processed by all BeanPostProcessors (for example: not eligible for auto-proxying)
 INFO [main] 2018-04-26 23:59:28 (PostProcessorRegistrationDelegate.java:328) Bean 'rememberMeCookie' of type [org.apache.shiro.web.servlet.SimpleCookie] is not eligible for getting processed by all BeanPostProcessors (for example: not eligible for auto-proxying)
 INFO [main] 2018-04-26 23:59:28 (PostProcessorRegistrationDelegate.java:328) Bean 'rememberMeManager' of type [org.apache.shiro.web.mgt.CookieRememberMeManager] is not eligible for getting processed by all BeanPostProcessors (for example: not eligible for auto-proxying)
 INFO [main] 2018-04-26 23:59:28 (PostProcessorRegistrationDelegate.java:328) Bean 'sessionIdCookie' of type [org.apache.shiro.web.servlet.SimpleCookie] is not eligible for getting processed by all BeanPostProcessors (for example: not eligible for auto-proxying)
 INFO [main] 2018-04-26 23:59:28 (PostProcessorRegistrationDelegate.java:328) Bean 'jedisPoolConfig' of type [redis.clients.jedis.JedisPoolConfig] is not eligible for getting processed by all BeanPostProcessors (for example: not eligible for auto-proxying)
 INFO [main] 2018-04-26 23:59:28 (PostProcessorRegistrationDelegate.java:328) Bean 'jedisConnectionFactory' of type [org.springframework.data.redis.connection.jedis.JedisConnectionFactory] is not eligible for getting processed by all BeanPostProcessors (for example: not eligible for auto-proxying)
 INFO [main] 2018-04-26 23:59:28 (PostProcessorRegistrationDelegate.java:328) Bean 'org.springframework.data.redis.serializer.StringRedisSerializer#4eeea57d' of type [org.springframework.data.redis.serializer.StringRedisSerializer] is not eligible for getting processed by all BeanPostProcessors (for example: not eligible for auto-proxying)
 INFO [main] 2018-04-26 23:59:28 (PostProcessorRegistrationDelegate.java:328) Bean 'org.springframework.data.redis.serializer.JdkSerializationRedisSerializer#780ec4a5' of type [org.springframework.data.redis.serializer.JdkSerializationRedisSerializer] is not eligible for getting processed by all BeanPostProcessors (for example: not eligible for auto-proxying)
 INFO [main] 2018-04-26 23:59:28 (PostProcessorRegistrationDelegate.java:328) Bean 'org.springframework.data.redis.serializer.StringRedisSerializer#e24ddd0' of type [org.springframework.data.redis.serializer.StringRedisSerializer] is not eligible for getting processed by all BeanPostProcessors (for example: not eligible for auto-proxying)
 INFO [main] 2018-04-26 23:59:28 (PostProcessorRegistrationDelegate.java:328) Bean 'org.springframework.data.redis.serializer.JdkSerializationRedisSerializer#6f70f32f' of type [org.springframework.data.redis.serializer.JdkSerializationRedisSerializer] is not eligible for getting processed by all BeanPostProcessors (for example: not eligible for auto-proxying)
 INFO [main] 2018-04-26 23:59:28 (PostProcessorRegistrationDelegate.java:328) Bean 'redisTemplate' of type [org.springframework.data.redis.core.RedisTemplate] is not eligible for getting processed by all BeanPostProcessors (for example: not eligible for auto-proxying)
 INFO [main] 2018-04-26 23:59:28 (PostProcessorRegistrationDelegate.java:328) Bean 'redisTemplateUtils' of type [org.lanmei.cms.cache.RedisTemplateUtils] is not eligible for getting processed by all BeanPostProcessors (for example: not eligible for auto-proxying)
 INFO [main] 2018-04-26 23:59:28 (PostProcessorRegistrationDelegate.java:328) Bean 'redisSessionDao' of type [org.lanmei.cms.common.shiro.RedisSessionDao] is not eligible for getting processed by all BeanPostProcessors (for example: not eligible for auto-proxying)
 INFO [main] 2018-04-26 23:59:28 (PostProcessorRegistrationDelegate.java:328) Bean 'sessionManager' of type [org.apache.shiro.web.session.mgt.DefaultWebSessionManager] is not eligible for getting processed by all BeanPostProcessors (for example: not eligible for auto-proxying)
 INFO [main] 2018-04-26 23:59:28 (PostProcessorRegistrationDelegate.java:328) Bean 'securityManager' of type [org.apache.shiro.web.mgt.DefaultWebSecurityManager] is not eligible for getting processed by all BeanPostProcessors (for example: not eligible for auto-proxying)
 INFO [main] 2018-04-26 23:59:28 (AuthorizingRealm.java:248) No cache or cacheManager properties have been set.  Authorization cache cannot be obtained.
 INFO [main] 2018-04-26 23:59:28 (CglibAopProxy.java:266) Final method [public final void org.springframework.dao.support.DaoSupport.afterPropertiesSet() throws java.lang.IllegalArgumentException,org.springframework.beans.factory.BeanInitializationException] cannot get proxied via CGLIB: Calls to this method will NOT be routed to the target instance and might lead to NPEs against uninitialized fields in the proxy instance.
 INFO [main] 2018-04-26 23:59:28 (CglibAopProxy.java:266) Final method [public final void org.springframework.dao.support.DaoSupport.afterPropertiesSet() throws java.lang.IllegalArgumentException,org.springframework.beans.factory.BeanInitializationException] cannot get proxied via CGLIB: Calls to this method will NOT be routed to the target instance and might lead to NPEs against uninitialized fields in the proxy instance.
 INFO [main] 2018-04-27 00:02:41 (AbstractApplicationContext.java:589) Refreshing org.springframework.context.support.ClassPathXmlApplicationContext@28e8dde3: startup date [Fri Apr 27 00:02:41 CST 2018]; root of context hierarchy
 INFO [main] 2018-04-27 00:02:41 (XmlBeanDefinitionReader.java:316) Loading XML bean definitions from class path resource [spring/applicationContext-mybatis.xml]
 INFO [main] 2018-04-27 00:02:41 (AutowiredAnnotationBeanPostProcessor.java:154) JSR-330 'javax.inject.Inject' annotation found and supported for autowiring
 INFO [main] 2018-04-27 00:08:12 (AbstractApplicationContext.java:589) Refreshing org.springframework.context.support.ClassPathXmlApplicationContext@28e8dde3: startup date [Fri Apr 27 00:08:12 CST 2018]; root of context hierarchy
 INFO [main] 2018-04-27 00:08:12 (XmlBeanDefinitionReader.java:316) Loading XML bean definitions from class path resource [spring/applicationContext-mybatis.xml]
 INFO [main] 2018-04-27 00:08:12 (AutowiredAnnotationBeanPostProcessor.java:154) JSR-330 'javax.inject.Inject' annotation found and supported for autowiring
 INFO [main] 2018-04-27 00:08:49 (AbstractApplicationContext.java:589) Refreshing org.springframework.context.support.ClassPathXmlApplicationContext@28e8dde3: startup date [Fri Apr 27 00:08:49 CST 2018]; root of context hierarchy
 INFO [main] 2018-04-27 00:08:49 (XmlBeanDefinitionReader.java:316) Loading XML bean definitions from class path resource [spring/applicationContext-mybatis.xml]
 INFO [main] 2018-04-27 00:08:49 (AutowiredAnnotationBeanPostProcessor.java:154) JSR-330 'javax.inject.Inject' annotation found and supported for autowiring
 INFO [main] 2018-04-27 00:09:10 (AbstractApplicationContext.java:589) Refreshing org.springframework.context.support.ClassPathXmlApplicationContext@28e8dde3: startup date [Fri Apr 27 00:09:10 CST 2018]; root of context hierarchy
 INFO [main] 2018-04-27 00:09:10 (XmlBeanDefinitionReader.java:316) Loading XML bean definitions from class path resource [spring/applicationContext-mybatis.xml]
 INFO [main] 2018-04-27 00:09:10 (AutowiredAnnotationBeanPostProcessor.java:154) JSR-330 'javax.inject.Inject' annotation found and supported for autowiring
 INFO [main] 2018-04-27 00:19:32 (AbstractApplicationContext.java:589) Refreshing org.springframework.context.support.ClassPathXmlApplicationContext@30d4b288: startup date [Fri Apr 27 00:19:31 CST 2018]; root of context hierarchy
 INFO [main] 2018-04-27 00:19:32 (XmlBeanDefinitionReader.java:316) Loading XML bean definitions from class path resource [spring/applicationContext-mybatis.xml]
 INFO [main] 2018-04-27 00:19:32 (AutowiredAnnotationBeanPostProcessor.java:154) JSR-330 'javax.inject.Inject' annotation found and supported for autowiring
 INFO [main] 2018-04-27 00:20:18 (AbstractApplicationContext.java:589) Refreshing org.springframework.context.support.ClassPathXmlApplicationContext@58ebfd03: startup date [Fri Apr 27 00:20:18 CST 2018]; root of context hierarchy
 INFO [main] 2018-04-27 00:20:18 (XmlBeanDefinitionReader.java:316) Loading XML bean definitions from class path resource [spring/applicationContext-mybatis.xml]
 INFO [main] 2018-04-27 00:20:19 (AutowiredAnnotationBeanPostProcessor.java:154) JSR-330 'javax.inject.Inject' annotation found and supported for autowiring
