TRACE [main] 2018-04-26 23:52:31 (ClassPathScanningCandidateComponentProvider.java:426) Scanning file [/home/lgj/aProject/aRealPrj/LanMeiShop/LanMeiShop/lanmei-admin/lanmei-admin-dao/target/classes/org/lanmei/admin/dao/mapper/CmsAdminLoginMapper.class]
TRACE [main] 2018-04-26 23:52:31 (ClassPathScanningCandidateComponentProvider.java:426) Scanning file [/home/lgj/aProject/aRealPrj/LanMeiShop/LanMeiShop/lanmei-admin/lanmei-admin-dao/target/classes/org/lanmei/admin/dao/mapper/CmsAdminMapper.class]
TRACE [main] 2018-04-26 23:52:31 (ClassPathScanningCandidateComponentProvider.java:426) Scanning file [/home/lgj/aProject/aRealPrj/LanMeiShop/LanMeiShop/lanmei-os-user/lanmei-user-dao/target/classes/org/lanmei/user/dao/mapper/OsFavoritesMapper.class]
TRACE [main] 2018-04-26 23:52:31 (ClassPathScanningCandidateComponentProvider.java:426) Scanning file [/home/lgj/aProject/aRealPrj/LanMeiShop/LanMeiShop/lanmei-os-user/lanmei-user-dao/target/classes/org/lanmei/user/dao/mapper/OsReceiptAddressMapper.class]
TRACE [main] 2018-04-26 23:52:31 (ClassPathScanningCandidateComponentProvider.java:426) Scanning file [/home/lgj/aProject/aRealPrj/LanMeiShop/LanMeiShop/lanmei-os-user/lanmei-user-dao/target/classes/org/lanmei/user/dao/mapper/OsUserLoginMapper.class]
TRACE [main] 2018-04-26 23:52:31 (ClassPathScanningCandidateComponentProvider.java:426) Scanning file [/home/lgj/aProject/aRealPrj/LanMeiShop/LanMeiShop/lanmei-os-user/lanmei-user-dao/target/classes/org/lanmei/user/dao/mapper/OsUserMapper.class]
TRACE [main] 2018-04-26 23:52:31 (PropertyPlaceholderHelper.java:163) Resolved placeholder 'jdbc.url'
TRACE [main] 2018-04-26 23:52:31 (PropertyPlaceholderHelper.java:163) Resolved placeholder 'jdbc.username'
TRACE [main] 2018-04-26 23:52:31 (PropertyPlaceholderHelper.java:163) Resolved placeholder 'jdbc.password'
TRACE [main] 2018-04-26 23:52:31 (PropertyPlaceholderHelper.java:163) Resolved placeholder 'jdbc.pool.init'
TRACE [main] 2018-04-26 23:52:31 (PropertyPlaceholderHelper.java:163) Resolved placeholder 'jdbc.pool.minIdle'
TRACE [main] 2018-04-26 23:52:31 (PropertyPlaceholderHelper.java:163) Resolved placeholder 'jdbc.pool.maxActive'
TRACE [main] 2018-04-26 23:52:31 (PropertyPlaceholderHelper.java:163) Resolved placeholder 'jdbc.maxWait'
TRACE [main] 2018-04-26 23:52:31 (PropertyPlaceholderHelper.java:163) Resolved placeholder 'jdbc.timeBetweenEvictionRunsMillis'
TRACE [main] 2018-04-26 23:52:31 (PropertyPlaceholderHelper.java:163) Resolved placeholder 'jdbc.minEvictableIdleTimeMillis'
TRACE [main] 2018-04-26 23:52:31 (PropertyPlaceholderHelper.java:163) Resolved placeholder 'jdbc.testSql'
TRACE [main] 2018-04-26 23:52:31 (PropertyPlaceholderHelper.java:163) Resolved placeholder 'jdbc.url'
TRACE [main] 2018-04-26 23:52:31 (PropertyPlaceholderHelper.java:163) Resolved placeholder 'jdbc.driver'
TRACE [main] 2018-04-26 23:52:31 (PropertyPlaceholderHelper.java:163) Resolved placeholder 'jdbc.username'
TRACE [main] 2018-04-26 23:52:31 (PropertyPlaceholderHelper.java:163) Resolved placeholder 'jdbc.password'
TRACE [main] 2018-04-26 23:52:31 (AbstractAutoProxyCreator.java:383) Did not attempt to auto-proxy infrastructure class [org.springframework.transaction.interceptor.BeanFactoryTransactionAttributeSourceAdvisor]
TRACE [main] 2018-04-26 23:52:33 (AbstractAutoProxyCreator.java:383) Did not attempt to auto-proxy infrastructure class [org.springframework.transaction.interceptor.TransactionInterceptor]
TRACE [main] 2018-04-26 23:54:07 (ClassPathScanningCandidateComponentProvider.java:426) Scanning file [/home/lgj/aProject/aRealPrj/LanMeiShop/LanMeiShop/lanmei-admin/lanmei-admin-dao/target/classes/org/lanmei/admin/dao/mapper/CmsAdminLoginMapper.class]
TRACE [main] 2018-04-26 23:54:07 (ClassPathScanningCandidateComponentProvider.java:426) Scanning file [/home/lgj/aProject/aRealPrj/LanMeiShop/LanMeiShop/lanmei-admin/lanmei-admin-dao/target/classes/org/lanmei/admin/dao/mapper/CmsAdminMapper.class]
TRACE [main] 2018-04-26 23:54:07 (ClassPathScanningCandidateComponentProvider.java:426) Scanning file [/home/lgj/aProject/aRealPrj/LanMeiShop/LanMeiShop/lanmei-os-user/lanmei-user-dao/target/classes/org/lanmei/user/dao/mapper/OsFavoritesMapper.class]
TRACE [main] 2018-04-26 23:54:07 (ClassPathScanningCandidateComponentProvider.java:426) Scanning file [/home/lgj/aProject/aRealPrj/LanMeiShop/LanMeiShop/lanmei-os-user/lanmei-user-dao/target/classes/org/lanmei/user/dao/mapper/OsReceiptAddressMapper.class]
TRACE [main] 2018-04-26 23:54:07 (ClassPathScanningCandidateComponentProvider.java:426) Scanning file [/home/lgj/aProject/aRealPrj/LanMeiShop/LanMeiShop/lanmei-os-user/lanmei-user-dao/target/classes/org/lanmei/user/dao/mapper/OsUserLoginMapper.class]
TRACE [main] 2018-04-26 23:54:07 (ClassPathScanningCandidateComponentProvider.java:426) Scanning file [/home/lgj/aProject/aRealPrj/LanMeiShop/LanMeiShop/lanmei-os-user/lanmei-user-dao/target/classes/org/lanmei/user/dao/mapper/OsUserMapper.class]
TRACE [main] 2018-04-26 23:54:07 (PropertyPlaceholderHelper.java:163) Resolved placeholder 'jdbc.url'
TRACE [main] 2018-04-26 23:54:07 (PropertyPlaceholderHelper.java:163) Resolved placeholder 'jdbc.username'
TRACE [main] 2018-04-26 23:54:07 (PropertyPlaceholderHelper.java:163) Resolved placeholder 'jdbc.password'
TRACE [main] 2018-04-26 23:54:07 (PropertyPlaceholderHelper.java:163) Resolved placeholder 'jdbc.pool.init'
TRACE [main] 2018-04-26 23:54:07 (PropertyPlaceholderHelper.java:163) Resolved placeholder 'jdbc.pool.minIdle'
TRACE [main] 2018-04-26 23:54:07 (PropertyPlaceholderHelper.java:163) Resolved placeholder 'jdbc.pool.maxActive'
TRACE [main] 2018-04-26 23:54:07 (PropertyPlaceholderHelper.java:163) Resolved placeholder 'jdbc.maxWait'
TRACE [main] 2018-04-26 23:54:07 (PropertyPlaceholderHelper.java:163) Resolved placeholder 'jdbc.timeBetweenEvictionRunsMillis'
TRACE [main] 2018-04-26 23:54:07 (PropertyPlaceholderHelper.java:163) Resolved placeholder 'jdbc.minEvictableIdleTimeMillis'
TRACE [main] 2018-04-26 23:54:07 (PropertyPlaceholderHelper.java:163) Resolved placeholder 'jdbc.testSql'
TRACE [main] 2018-04-26 23:54:07 (PropertyPlaceholderHelper.java:163) Resolved placeholder 'jdbc.url'
TRACE [main] 2018-04-26 23:54:07 (PropertyPlaceholderHelper.java:163) Resolved placeholder 'jdbc.driver'
TRACE [main] 2018-04-26 23:54:07 (PropertyPlaceholderHelper.java:163) Resolved placeholder 'jdbc.username'
TRACE [main] 2018-04-26 23:54:07 (PropertyPlaceholderHelper.java:163) Resolved placeholder 'jdbc.password'
TRACE [main] 2018-04-26 23:54:08 (AbstractAutoProxyCreator.java:383) Did not attempt to auto-proxy infrastructure class [org.springframework.transaction.interceptor.BeanFactoryTransactionAttributeSourceAdvisor]
TRACE [main] 2018-04-26 23:54:09 (AbstractAutoProxyCreator.java:383) Did not attempt to auto-proxy infrastructure class [org.springframework.transaction.interceptor.TransactionInterceptor]
TRACE [main] 2018-04-26 23:55:38 (ClassPathScanningCandidateComponentProvider.java:426) Scanning file [/home/lgj/aProject/aRealPrj/LanMeiShop/LanMeiShop/lanmei-admin/lanmei-admin-dao/target/classes/org/lanmei/admin/dao/mapper/CmsAdminLoginMapper.class]
TRACE [main] 2018-04-26 23:55:38 (ClassPathScanningCandidateComponentProvider.java:426) Scanning file [/home/lgj/aProject/aRealPrj/LanMeiShop/LanMeiShop/lanmei-admin/lanmei-admin-dao/target/classes/org/lanmei/admin/dao/mapper/CmsAdminMapper.class]
TRACE [main] 2018-04-26 23:55:38 (ClassPathScanningCandidateComponentProvider.java:426) Scanning file [/home/lgj/aProject/aRealPrj/LanMeiShop/LanMeiShop/lanmei-os-user/lanmei-user-dao/target/classes/org/lanmei/user/dao/mapper/OsFavoritesMapper.class]
TRACE [main] 2018-04-26 23:55:38 (ClassPathScanningCandidateComponentProvider.java:426) Scanning file [/home/lgj/aProject/aRealPrj/LanMeiShop/LanMeiShop/lanmei-os-user/lanmei-user-dao/target/classes/org/lanmei/user/dao/mapper/OsReceiptAddressMapper.class]
TRACE [main] 2018-04-26 23:55:38 (ClassPathScanningCandidateComponentProvider.java:426) Scanning file [/home/lgj/aProject/aRealPrj/LanMeiShop/LanMeiShop/lanmei-os-user/lanmei-user-dao/target/classes/org/lanmei/user/dao/mapper/OsUserLoginMapper.class]
TRACE [main] 2018-04-26 23:55:38 (ClassPathScanningCandidateComponentProvider.java:426) Scanning file [/home/lgj/aProject/aRealPrj/LanMeiShop/LanMeiShop/lanmei-os-user/lanmei-user-dao/target/classes/org/lanmei/user/dao/mapper/OsUserMapper.class]
TRACE [main] 2018-04-26 23:55:38 (PropertyPlaceholderHelper.java:163) Resolved placeholder 'jdbc.url'
TRACE [main] 2018-04-26 23:55:38 (PropertyPlaceholderHelper.java:163) Resolved placeholder 'jdbc.username'
TRACE [main] 2018-04-26 23:55:38 (PropertyPlaceholderHelper.java:163) Resolved placeholder 'jdbc.password'
TRACE [main] 2018-04-26 23:55:38 (PropertyPlaceholderHelper.java:163) Resolved placeholder 'jdbc.pool.init'
TRACE [main] 2018-04-26 23:55:38 (PropertyPlaceholderHelper.java:163) Resolved placeholder 'jdbc.pool.minIdle'
TRACE [main] 2018-04-26 23:55:38 (PropertyPlaceholderHelper.java:163) Resolved placeholder 'jdbc.pool.maxActive'
TRACE [main] 2018-04-26 23:55:38 (PropertyPlaceholderHelper.java:163) Resolved placeholder 'jdbc.maxWait'
TRACE [main] 2018-04-26 23:55:38 (PropertyPlaceholderHelper.java:163) Resolved placeholder 'jdbc.timeBetweenEvictionRunsMillis'
TRACE [main] 2018-04-26 23:55:38 (PropertyPlaceholderHelper.java:163) Resolved placeholder 'jdbc.minEvictableIdleTimeMillis'
TRACE [main] 2018-04-26 23:55:38 (PropertyPlaceholderHelper.java:163) Resolved placeholder 'jdbc.testSql'
TRACE [main] 2018-04-26 23:55:38 (PropertyPlaceholderHelper.java:163) Resolved placeholder 'jdbc.url'
TRACE [main] 2018-04-26 23:55:38 (PropertyPlaceholderHelper.java:163) Resolved placeholder 'jdbc.driver'
TRACE [main] 2018-04-26 23:55:38 (PropertyPlaceholderHelper.java:163) Resolved placeholder 'jdbc.username'
TRACE [main] 2018-04-26 23:55:38 (PropertyPlaceholderHelper.java:163) Resolved placeholder 'jdbc.password'
TRACE [main] 2018-04-26 23:55:40 (AbstractAutoProxyCreator.java:383) Did not attempt to auto-proxy infrastructure class [org.springframework.transaction.interceptor.BeanFactoryTransactionAttributeSourceAdvisor]
TRACE [main] 2018-04-26 23:55:41 (AbstractAutoProxyCreator.java:383) Did not attempt to auto-proxy infrastructure class [org.springframework.transaction.interceptor.TransactionInterceptor]
TRACE [main] 2018-04-26 23:55:43 (Ini.java:545) Discovered key/value pair: /static/**=anon
TRACE [main] 2018-04-26 23:55:43 (Ini.java:545) Discovered key/value pair: /kaptcha=anon
TRACE [main] 2018-04-26 23:55:43 (Ini.java:545) Discovered key/value pair: /login=anon
TRACE [main] 2018-04-26 23:55:43 (Ini.java:160) Specified name was null or empty.  Defaulting to the default section (name = "")
TRACE [main] 2018-04-26 23:55:43 (ShiroFilterFactoryBean.java:506) Ignoring non-Filter bean 'servletUtils'
TRACE [main] 2018-04-26 23:55:43 (ShiroFilterFactoryBean.java:506) Ignoring non-Filter bean 'systemAuthorizingRealm'
TRACE [main] 2018-04-26 23:55:43 (ShiroFilterFactoryBean.java:506) Ignoring non-Filter bean 'adminLoginController'
TRACE [main] 2018-04-26 23:55:43 (ShiroFilterFactoryBean.java:506) Ignoring non-Filter bean 'cmsAdminMapper'
TRACE [main] 2018-04-26 23:55:43 (ShiroFilterFactoryBean.java:506) Ignoring non-Filter bean 'cmsAdminServiceImpl'
TRACE [main] 2018-04-26 23:55:43 (ShiroFilterFactoryBean.java:506) Ignoring non-Filter bean 'mailSender'
TRACE [main] 2018-04-26 23:55:43 (ShiroFilterFactoryBean.java:506) Ignoring non-Filter bean 'userMailSender'
TRACE [main] 2018-04-26 23:55:43 (ShiroFilterFactoryBean.java:506) Ignoring non-Filter bean 'adminManagerController'
TRACE [main] 2018-04-26 23:55:43 (ShiroFilterFactoryBean.java:506) Ignoring non-Filter bean 'homePageController'
TRACE [main] 2018-04-26 23:55:43 (ShiroFilterFactoryBean.java:506) Ignoring non-Filter bean 'com.google.code.kaptcha.util.Config#23a9ba52'
TRACE [main] 2018-04-26 23:55:43 (ShiroFilterFactoryBean.java:506) Ignoring non-Filter bean 'defaultKaptcha'
TRACE [main] 2018-04-26 23:55:43 (ShiroFilterFactoryBean.java:506) Ignoring non-Filter bean 'kaptchaImageCreate'
TRACE [main] 2018-04-26 23:55:43 (ShiroFilterFactoryBean.java:506) Ignoring non-Filter bean 'osUserLoginMapper'
TRACE [main] 2018-04-26 23:55:43 (ShiroFilterFactoryBean.java:506) Ignoring non-Filter bean 'osUserLoginServiceImpl'
TRACE [main] 2018-04-26 23:57:53 (ClassPathScanningCandidateComponentProvider.java:426) Scanning file [/home/lgj/aProject/aRealPrj/LanMeiShop/LanMeiShop/lanmei-admin/lanmei-admin-dao/target/classes/org/lanmei/admin/dao/mapper/CmsAdminLoginMapper.class]
TRACE [main] 2018-04-26 23:57:53 (ClassPathScanningCandidateComponentProvider.java:426) Scanning file [/home/lgj/aProject/aRealPrj/LanMeiShop/LanMeiShop/lanmei-admin/lanmei-admin-dao/target/classes/org/lanmei/admin/dao/mapper/CmsAdminMapper.class]
TRACE [main] 2018-04-26 23:57:53 (ClassPathScanningCandidateComponentProvider.java:426) Scanning file [/home/lgj/aProject/aRealPrj/LanMeiShop/LanMeiShop/lanmei-os-user/lanmei-user-dao/target/classes/org/lanmei/user/dao/mapper/OsFavoritesMapper.class]
TRACE [main] 2018-04-26 23:57:53 (ClassPathScanningCandidateComponentProvider.java:426) Scanning file [/home/lgj/aProject/aRealPrj/LanMeiShop/LanMeiShop/lanmei-os-user/lanmei-user-dao/target/classes/org/lanmei/user/dao/mapper/OsReceiptAddressMapper.class]
TRACE [main] 2018-04-26 23:57:53 (ClassPathScanningCandidateComponentProvider.java:426) Scanning file [/home/lgj/aProject/aRealPrj/LanMeiShop/LanMeiShop/lanmei-os-user/lanmei-user-dao/target/classes/org/lanmei/user/dao/mapper/OsUserLoginMapper.class]
TRACE [main] 2018-04-26 23:57:53 (ClassPathScanningCandidateComponentProvider.java:426) Scanning file [/home/lgj/aProject/aRealPrj/LanMeiShop/LanMeiShop/lanmei-os-user/lanmei-user-dao/target/classes/org/lanmei/user/dao/mapper/OsUserMapper.class]
TRACE [main] 2018-04-26 23:57:53 (PropertyPlaceholderHelper.java:163) Resolved placeholder 'jdbc.url'
TRACE [main] 2018-04-26 23:57:53 (PropertyPlaceholderHelper.java:163) Resolved placeholder 'jdbc.username'
TRACE [main] 2018-04-26 23:57:53 (PropertyPlaceholderHelper.java:163) Resolved placeholder 'jdbc.password'
TRACE [main] 2018-04-26 23:57:53 (PropertyPlaceholderHelper.java:163) Resolved placeholder 'jdbc.pool.init'
TRACE [main] 2018-04-26 23:57:53 (PropertyPlaceholderHelper.java:163) Resolved placeholder 'jdbc.pool.minIdle'
TRACE [main] 2018-04-26 23:57:53 (PropertyPlaceholderHelper.java:163) Resolved placeholder 'jdbc.pool.maxActive'
TRACE [main] 2018-04-26 23:57:53 (PropertyPlaceholderHelper.java:163) Resolved placeholder 'jdbc.maxWait'
TRACE [main] 2018-04-26 23:57:53 (PropertyPlaceholderHelper.java:163) Resolved placeholder 'jdbc.timeBetweenEvictionRunsMillis'
TRACE [main] 2018-04-26 23:57:53 (PropertyPlaceholderHelper.java:163) Resolved placeholder 'jdbc.minEvictableIdleTimeMillis'
TRACE [main] 2018-04-26 23:57:53 (PropertyPlaceholderHelper.java:163) Resolved placeholder 'jdbc.testSql'
TRACE [main] 2018-04-26 23:57:53 (PropertyPlaceholderHelper.java:163) Resolved placeholder 'jdbc.url'
TRACE [main] 2018-04-26 23:57:53 (PropertyPlaceholderHelper.java:163) Resolved placeholder 'jdbc.driver'
TRACE [main] 2018-04-26 23:57:53 (PropertyPlaceholderHelper.java:163) Resolved placeholder 'jdbc.username'
TRACE [main] 2018-04-26 23:57:53 (PropertyPlaceholderHelper.java:163) Resolved placeholder 'jdbc.password'
TRACE [main] 2018-04-26 23:57:54 (AbstractAutoProxyCreator.java:383) Did not attempt to auto-proxy infrastructure class [org.springframework.transaction.interceptor.BeanFactoryTransactionAttributeSourceAdvisor]
TRACE [main] 2018-04-26 23:57:55 (AbstractAutoProxyCreator.java:383) Did not attempt to auto-proxy infrastructure class [org.springframework.transaction.interceptor.TransactionInterceptor]
TRACE [main] 2018-04-26 23:57:55 (Ini.java:545) Discovered key/value pair: /static/**=anon
TRACE [main] 2018-04-26 23:57:55 (Ini.java:545) Discovered key/value pair: /kaptcha=anon
TRACE [main] 2018-04-26 23:57:55 (Ini.java:545) Discovered key/value pair: /login=anon
TRACE [main] 2018-04-26 23:57:55 (Ini.java:160) Specified name was null or empty.  Defaulting to the default section (name = "")
TRACE [main] 2018-04-26 23:57:55 (ShiroFilterFactoryBean.java:506) Ignoring non-Filter bean 'servletUtils'
TRACE [main] 2018-04-26 23:57:55 (ShiroFilterFactoryBean.java:506) Ignoring non-Filter bean 'systemAuthorizingRealm'
TRACE [main] 2018-04-26 23:57:55 (ShiroFilterFactoryBean.java:506) Ignoring non-Filter bean 'adminLoginController'
TRACE [main] 2018-04-26 23:57:55 (ShiroFilterFactoryBean.java:506) Ignoring non-Filter bean 'cmsAdminMapper'
TRACE [main] 2018-04-26 23:57:55 (ShiroFilterFactoryBean.java:506) Ignoring non-Filter bean 'cmsAdminServiceImpl'
TRACE [main] 2018-04-26 23:57:55 (ShiroFilterFactoryBean.java:506) Ignoring non-Filter bean 'mailSender'
TRACE [main] 2018-04-26 23:57:55 (ShiroFilterFactoryBean.java:506) Ignoring non-Filter bean 'userMailSender'
TRACE [main] 2018-04-26 23:57:55 (ShiroFilterFactoryBean.java:506) Ignoring non-Filter bean 'adminManagerController'
TRACE [main] 2018-04-26 23:57:55 (ShiroFilterFactoryBean.java:506) Ignoring non-Filter bean 'homePageController'
TRACE [main] 2018-04-26 23:57:55 (ShiroFilterFactoryBean.java:506) Ignoring non-Filter bean 'com.google.code.kaptcha.util.Config#16fb356'
TRACE [main] 2018-04-26 23:57:55 (ShiroFilterFactoryBean.java:506) Ignoring non-Filter bean 'defaultKaptcha'
TRACE [main] 2018-04-26 23:57:55 (ShiroFilterFactoryBean.java:506) Ignoring non-Filter bean 'kaptchaImageCreate'
TRACE [main] 2018-04-26 23:57:55 (ShiroFilterFactoryBean.java:506) Ignoring non-Filter bean 'osUserLoginMapper'
TRACE [main] 2018-04-26 23:57:55 (ShiroFilterFactoryBean.java:506) Ignoring non-Filter bean 'osUserLoginServiceImpl'
TRACE [main] 2018-04-26 23:59:25 (ClassPathScanningCandidateComponentProvider.java:426) Scanning file [/home/lgj/aProject/aRealPrj/LanMeiShop/LanMeiShop/lanmei-admin/lanmei-admin-dao/target/classes/org/lanmei/admin/dao/mapper/CmsAdminLoginMapper.class]
TRACE [main] 2018-04-26 23:59:25 (ClassPathScanningCandidateComponentProvider.java:426) Scanning file [/home/lgj/aProject/aRealPrj/LanMeiShop/LanMeiShop/lanmei-admin/lanmei-admin-dao/target/classes/org/lanmei/admin/dao/mapper/CmsAdminMapper.class]
TRACE [main] 2018-04-26 23:59:25 (ClassPathScanningCandidateComponentProvider.java:426) Scanning file [/home/lgj/aProject/aRealPrj/LanMeiShop/LanMeiShop/lanmei-os-user/lanmei-user-dao/target/classes/org/lanmei/user/dao/mapper/OsFavoritesMapper.class]
TRACE [main] 2018-04-26 23:59:25 (ClassPathScanningCandidateComponentProvider.java:426) Scanning file [/home/lgj/aProject/aRealPrj/LanMeiShop/LanMeiShop/lanmei-os-user/lanmei-user-dao/target/classes/org/lanmei/user/dao/mapper/OsReceiptAddressMapper.class]
TRACE [main] 2018-04-26 23:59:25 (ClassPathScanningCandidateComponentProvider.java:426) Scanning file [/home/lgj/aProject/aRealPrj/LanMeiShop/LanMeiShop/lanmei-os-user/lanmei-user-dao/target/classes/org/lanmei/user/dao/mapper/OsUserLoginMapper.class]
TRACE [main] 2018-04-26 23:59:25 (ClassPathScanningCandidateComponentProvider.java:426) Scanning file [/home/lgj/aProject/aRealPrj/LanMeiShop/LanMeiShop/lanmei-os-user/lanmei-user-dao/target/classes/org/lanmei/user/dao/mapper/OsUserMapper.class]
TRACE [main] 2018-04-26 23:59:25 (PropertyPlaceholderHelper.java:163) Resolved placeholder 'jdbc.url'
TRACE [main] 2018-04-26 23:59:25 (PropertyPlaceholderHelper.java:163) Resolved placeholder 'jdbc.username'
TRACE [main] 2018-04-26 23:59:25 (PropertyPlaceholderHelper.java:163) Resolved placeholder 'jdbc.password'
TRACE [main] 2018-04-26 23:59:25 (PropertyPlaceholderHelper.java:163) Resolved placeholder 'jdbc.pool.init'
TRACE [main] 2018-04-26 23:59:25 (PropertyPlaceholderHelper.java:163) Resolved placeholder 'jdbc.pool.minIdle'
TRACE [main] 2018-04-26 23:59:25 (PropertyPlaceholderHelper.java:163) Resolved placeholder 'jdbc.pool.maxActive'
TRACE [main] 2018-04-26 23:59:25 (PropertyPlaceholderHelper.java:163) Resolved placeholder 'jdbc.maxWait'
TRACE [main] 2018-04-26 23:59:25 (PropertyPlaceholderHelper.java:163) Resolved placeholder 'jdbc.timeBetweenEvictionRunsMillis'
TRACE [main] 2018-04-26 23:59:25 (PropertyPlaceholderHelper.java:163) Resolved placeholder 'jdbc.minEvictableIdleTimeMillis'
TRACE [main] 2018-04-26 23:59:25 (PropertyPlaceholderHelper.java:163) Resolved placeholder 'jdbc.testSql'
TRACE [main] 2018-04-26 23:59:25 (PropertyPlaceholderHelper.java:163) Resolved placeholder 'jdbc.url'
TRACE [main] 2018-04-26 23:59:25 (PropertyPlaceholderHelper.java:163) Resolved placeholder 'jdbc.driver'
TRACE [main] 2018-04-26 23:59:25 (PropertyPlaceholderHelper.java:163) Resolved placeholder 'jdbc.username'
TRACE [main] 2018-04-26 23:59:25 (PropertyPlaceholderHelper.java:163) Resolved placeholder 'jdbc.password'
TRACE [main] 2018-04-26 23:59:27 (AbstractAutoProxyCreator.java:383) Did not attempt to auto-proxy infrastructure class [org.springframework.transaction.interceptor.BeanFactoryTransactionAttributeSourceAdvisor]
TRACE [main] 2018-04-26 23:59:27 (AbstractAutoProxyCreator.java:383) Did not attempt to auto-proxy infrastructure class [org.springframework.transaction.interceptor.TransactionInterceptor]
TRACE [main] 2018-04-26 23:59:28 (Ini.java:545) Discovered key/value pair: /static/**=anon
TRACE [main] 2018-04-26 23:59:28 (Ini.java:545) Discovered key/value pair: /kaptcha=anon
TRACE [main] 2018-04-26 23:59:28 (Ini.java:545) Discovered key/value pair: /login=anon
TRACE [main] 2018-04-26 23:59:28 (Ini.java:160) Specified name was null or empty.  Defaulting to the default section (name = "")
TRACE [main] 2018-04-26 23:59:28 (ShiroFilterFactoryBean.java:506) Ignoring non-Filter bean 'servletUtils'
TRACE [main] 2018-04-26 23:59:28 (ShiroFilterFactoryBean.java:506) Ignoring non-Filter bean 'systemAuthorizingRealm'
TRACE [main] 2018-04-26 23:59:28 (ShiroFilterFactoryBean.java:506) Ignoring non-Filter bean 'adminLoginController'
TRACE [main] 2018-04-26 23:59:28 (ShiroFilterFactoryBean.java:506) Ignoring non-Filter bean 'cmsAdminMapper'
TRACE [main] 2018-04-26 23:59:28 (ShiroFilterFactoryBean.java:506) Ignoring non-Filter bean 'cmsAdminServiceImpl'
TRACE [main] 2018-04-26 23:59:28 (ShiroFilterFactoryBean.java:506) Ignoring non-Filter bean 'mailSender'
TRACE [main] 2018-04-26 23:59:28 (ShiroFilterFactoryBean.java:506) Ignoring non-Filter bean 'userMailSender'
TRACE [main] 2018-04-26 23:59:28 (ShiroFilterFactoryBean.java:506) Ignoring non-Filter bean 'adminManagerController'
TRACE [main] 2018-04-26 23:59:28 (ShiroFilterFactoryBean.java:506) Ignoring non-Filter bean 'homePageController'
TRACE [main] 2018-04-26 23:59:28 (ShiroFilterFactoryBean.java:506) Ignoring non-Filter bean 'com.google.code.kaptcha.util.Config#16fb356'
TRACE [main] 2018-04-26 23:59:28 (ShiroFilterFactoryBean.java:506) Ignoring non-Filter bean 'defaultKaptcha'
TRACE [main] 2018-04-26 23:59:28 (ShiroFilterFactoryBean.java:506) Ignoring non-Filter bean 'kaptchaImageCreate'
TRACE [main] 2018-04-26 23:59:28 (ShiroFilterFactoryBean.java:506) Ignoring non-Filter bean 'osUserLoginMapper'
TRACE [main] 2018-04-26 23:59:28 (ShiroFilterFactoryBean.java:506) Ignoring non-Filter bean 'osUserLoginServiceImpl'
TRACE [main] 2018-04-27 00:02:41 (ClassPathScanningCandidateComponentProvider.java:426) Scanning file [/home/lgj/aProject/aRealPrj/LanMeiShop/LanMeiShop/lanmei-admin/lanmei-admin-dao/target/classes/org/lanmei/admin/dao/mapper/CmsAdminLoginMapper.class]
TRACE [main] 2018-04-27 00:02:41 (ClassPathScanningCandidateComponentProvider.java:426) Scanning file [/home/lgj/aProject/aRealPrj/LanMeiShop/LanMeiShop/lanmei-admin/lanmei-admin-dao/target/classes/org/lanmei/admin/dao/mapper/CmsAdminMapper.class]
TRACE [main] 2018-04-27 00:02:41 (ClassPathScanningCandidateComponentProvider.java:426) Scanning file [/home/lgj/aProject/aRealPrj/LanMeiShop/LanMeiShop/lanmei-os-user/lanmei-user-dao/target/classes/org/lanmei/user/dao/mapper/OsFavoritesMapper.class]
TRACE [main] 2018-04-27 00:02:41 (ClassPathScanningCandidateComponentProvider.java:426) Scanning file [/home/lgj/aProject/aRealPrj/LanMeiShop/LanMeiShop/lanmei-os-user/lanmei-user-dao/target/classes/org/lanmei/user/dao/mapper/OsReceiptAddressMapper.class]
TRACE [main] 2018-04-27 00:02:41 (ClassPathScanningCandidateComponentProvider.java:426) Scanning file [/home/lgj/aProject/aRealPrj/LanMeiShop/LanMeiShop/lanmei-os-user/lanmei-user-dao/target/classes/org/lanmei/user/dao/mapper/OsUserLoginMapper.class]
TRACE [main] 2018-04-27 00:02:41 (ClassPathScanningCandidateComponentProvider.java:426) Scanning file [/home/lgj/aProject/aRealPrj/LanMeiShop/LanMeiShop/lanmei-os-user/lanmei-user-dao/target/classes/org/lanmei/user/dao/mapper/OsUserMapper.class]
TRACE [main] 2018-04-27 00:02:41 (PropertyPlaceholderHelper.java:163) Resolved placeholder 'jdbc.url'
TRACE [main] 2018-04-27 00:02:41 (PropertyPlaceholderHelper.java:163) Resolved placeholder 'jdbc.username'
TRACE [main] 2018-04-27 00:02:41 (PropertyPlaceholderHelper.java:163) Resolved placeholder 'jdbc.password'
TRACE [main] 2018-04-27 00:02:41 (PropertyPlaceholderHelper.java:163) Resolved placeholder 'jdbc.pool.init'
TRACE [main] 2018-04-27 00:02:41 (PropertyPlaceholderHelper.java:163) Resolved placeholder 'jdbc.pool.minIdle'
TRACE [main] 2018-04-27 00:02:41 (PropertyPlaceholderHelper.java:163) Resolved placeholder 'jdbc.pool.maxActive'
TRACE [main] 2018-04-27 00:02:41 (PropertyPlaceholderHelper.java:163) Resolved placeholder 'jdbc.maxWait'
TRACE [main] 2018-04-27 00:02:41 (PropertyPlaceholderHelper.java:163) Resolved placeholder 'jdbc.timeBetweenEvictionRunsMillis'
TRACE [main] 2018-04-27 00:02:41 (PropertyPlaceholderHelper.java:163) Resolved placeholder 'jdbc.minEvictableIdleTimeMillis'
TRACE [main] 2018-04-27 00:02:41 (PropertyPlaceholderHelper.java:163) Resolved placeholder 'jdbc.testSql'
TRACE [main] 2018-04-27 00:02:41 (PropertyPlaceholderHelper.java:163) Resolved placeholder 'jdbc.url'
TRACE [main] 2018-04-27 00:02:41 (PropertyPlaceholderHelper.java:163) Resolved placeholder 'jdbc.driver'
TRACE [main] 2018-04-27 00:02:41 (PropertyPlaceholderHelper.java:163) Resolved placeholder 'jdbc.username'
TRACE [main] 2018-04-27 00:02:41 (PropertyPlaceholderHelper.java:163) Resolved placeholder 'jdbc.password'
TRACE [main] 2018-04-27 00:02:42 (AbstractAutoProxyCreator.java:383) Did not attempt to auto-proxy infrastructure class [org.springframework.transaction.interceptor.BeanFactoryTransactionAttributeSourceAdvisor]
TRACE [main] 2018-04-27 00:02:42 (AbstractAutoProxyCreator.java:383) Did not attempt to auto-proxy infrastructure class [org.springframework.transaction.interceptor.TransactionInterceptor]
TRACE [main] 2018-04-27 00:02:42 (AbstractAutoProxyCreator.java:383) Did not attempt to auto-proxy infrastructure class [org.springframework.transaction.interceptor.TransactionInterceptor]
TRACE [main] 2018-04-27 00:08:12 (ClassPathScanningCandidateComponentProvider.java:426) Scanning file [/home/lgj/aProject/aRealPrj/LanMeiShop/LanMeiShop/lanmei-admin/lanmei-admin-dao/target/classes/org/lanmei/admin/dao/mapper/CmsAdminLoginMapper.class]
TRACE [main] 2018-04-27 00:08:12 (ClassPathScanningCandidateComponentProvider.java:426) Scanning file [/home/lgj/aProject/aRealPrj/LanMeiShop/LanMeiShop/lanmei-admin/lanmei-admin-dao/target/classes/org/lanmei/admin/dao/mapper/CmsAdminMapper.class]
TRACE [main] 2018-04-27 00:08:12 (ClassPathScanningCandidateComponentProvider.java:426) Scanning file [/home/lgj/aProject/aRealPrj/LanMeiShop/LanMeiShop/lanmei-os-user/lanmei-user-dao/target/classes/org/lanmei/user/dao/mapper/OsFavoritesMapper.class]
TRACE [main] 2018-04-27 00:08:12 (ClassPathScanningCandidateComponentProvider.java:426) Scanning file [/home/lgj/aProject/aRealPrj/LanMeiShop/LanMeiShop/lanmei-os-user/lanmei-user-dao/target/classes/org/lanmei/user/dao/mapper/OsReceiptAddressMapper.class]
TRACE [main] 2018-04-27 00:08:12 (ClassPathScanningCandidateComponentProvider.java:426) Scanning file [/home/lgj/aProject/aRealPrj/LanMeiShop/LanMeiShop/lanmei-os-user/lanmei-user-dao/target/classes/org/lanmei/user/dao/mapper/OsUserLoginMapper.class]
TRACE [main] 2018-04-27 00:08:12 (ClassPathScanningCandidateComponentProvider.java:426) Scanning file [/home/lgj/aProject/aRealPrj/LanMeiShop/LanMeiShop/lanmei-os-user/lanmei-user-dao/target/classes/org/lanmei/user/dao/mapper/OsUserMapper.class]
TRACE [main] 2018-04-27 00:08:12 (PropertyPlaceholderHelper.java:163) Resolved placeholder 'jdbc.url'
TRACE [main] 2018-04-27 00:08:12 (PropertyPlaceholderHelper.java:163) Resolved placeholder 'jdbc.username'
TRACE [main] 2018-04-27 00:08:12 (PropertyPlaceholderHelper.java:163) Resolved placeholder 'jdbc.password'
TRACE [main] 2018-04-27 00:08:12 (PropertyPlaceholderHelper.java:163) Resolved placeholder 'jdbc.pool.init'
TRACE [main] 2018-04-27 00:08:12 (PropertyPlaceholderHelper.java:163) Resolved placeholder 'jdbc.pool.minIdle'
TRACE [main] 2018-04-27 00:08:12 (PropertyPlaceholderHelper.java:163) Resolved placeholder 'jdbc.pool.maxActive'
TRACE [main] 2018-04-27 00:08:12 (PropertyPlaceholderHelper.java:163) Resolved placeholder 'jdbc.maxWait'
TRACE [main] 2018-04-27 00:08:12 (PropertyPlaceholderHelper.java:163) Resolved placeholder 'jdbc.timeBetweenEvictionRunsMillis'
TRACE [main] 2018-04-27 00:08:12 (PropertyPlaceholderHelper.java:163) Resolved placeholder 'jdbc.minEvictableIdleTimeMillis'
TRACE [main] 2018-04-27 00:08:12 (PropertyPlaceholderHelper.java:163) Resolved placeholder 'jdbc.testSql'
TRACE [main] 2018-04-27 00:08:12 (PropertyPlaceholderHelper.java:163) Resolved placeholder 'jdbc.url'
TRACE [main] 2018-04-27 00:08:12 (PropertyPlaceholderHelper.java:163) Resolved placeholder 'jdbc.driver'
TRACE [main] 2018-04-27 00:08:12 (PropertyPlaceholderHelper.java:163) Resolved placeholder 'jdbc.username'
TRACE [main] 2018-04-27 00:08:12 (PropertyPlaceholderHelper.java:163) Resolved placeholder 'jdbc.password'
TRACE [main] 2018-04-27 00:08:12 (AbstractAutoProxyCreator.java:383) Did not attempt to auto-proxy infrastructure class [org.springframework.transaction.interceptor.BeanFactoryTransactionAttributeSourceAdvisor]
TRACE [main] 2018-04-27 00:08:13 (AbstractAutoProxyCreator.java:383) Did not attempt to auto-proxy infrastructure class [org.springframework.transaction.interceptor.TransactionInterceptor]
TRACE [main] 2018-04-27 00:08:13 (AbstractAutoProxyCreator.java:383) Did not attempt to auto-proxy infrastructure class [org.springframework.transaction.interceptor.TransactionInterceptor]
TRACE [main] 2018-04-27 00:08:49 (ClassPathScanningCandidateComponentProvider.java:426) Scanning file [/home/lgj/aProject/aRealPrj/LanMeiShop/LanMeiShop/lanmei-admin/lanmei-admin-dao/target/classes/org/lanmei/admin/dao/mapper/CmsAdminLoginMapper.class]
TRACE [main] 2018-04-27 00:08:49 (ClassPathScanningCandidateComponentProvider.java:426) Scanning file [/home/lgj/aProject/aRealPrj/LanMeiShop/LanMeiShop/lanmei-admin/lanmei-admin-dao/target/classes/org/lanmei/admin/dao/mapper/CmsAdminMapper.class]
TRACE [main] 2018-04-27 00:08:49 (ClassPathScanningCandidateComponentProvider.java:426) Scanning file [/home/lgj/aProject/aRealPrj/LanMeiShop/LanMeiShop/lanmei-os-user/lanmei-user-dao/target/classes/org/lanmei/user/dao/mapper/OsFavoritesMapper.class]
TRACE [main] 2018-04-27 00:08:49 (ClassPathScanningCandidateComponentProvider.java:426) Scanning file [/home/lgj/aProject/aRealPrj/LanMeiShop/LanMeiShop/lanmei-os-user/lanmei-user-dao/target/classes/org/lanmei/user/dao/mapper/OsReceiptAddressMapper.class]
TRACE [main] 2018-04-27 00:08:49 (ClassPathScanningCandidateComponentProvider.java:426) Scanning file [/home/lgj/aProject/aRealPrj/LanMeiShop/LanMeiShop/lanmei-os-user/lanmei-user-dao/target/classes/org/lanmei/user/dao/mapper/OsUserLoginMapper.class]
TRACE [main] 2018-04-27 00:08:49 (ClassPathScanningCandidateComponentProvider.java:426) Scanning file [/home/lgj/aProject/aRealPrj/LanMeiShop/LanMeiShop/lanmei-os-user/lanmei-user-dao/target/classes/org/lanmei/user/dao/mapper/OsUserMapper.class]
TRACE [main] 2018-04-27 00:08:49 (PropertyPlaceholderHelper.java:163) Resolved placeholder 'jdbc.url'
TRACE [main] 2018-04-27 00:08:49 (PropertyPlaceholderHelper.java:163) Resolved placeholder 'jdbc.username'
TRACE [main] 2018-04-27 00:08:49 (PropertyPlaceholderHelper.java:163) Resolved placeholder 'jdbc.password'
TRACE [main] 2018-04-27 00:08:49 (PropertyPlaceholderHelper.java:163) Resolved placeholder 'jdbc.pool.init'
TRACE [main] 2018-04-27 00:08:49 (PropertyPlaceholderHelper.java:163) Resolved placeholder 'jdbc.pool.minIdle'
TRACE [main] 2018-04-27 00:08:49 (PropertyPlaceholderHelper.java:163) Resolved placeholder 'jdbc.pool.maxActive'
TRACE [main] 2018-04-27 00:08:49 (PropertyPlaceholderHelper.java:163) Resolved placeholder 'jdbc.maxWait'
TRACE [main] 2018-04-27 00:08:49 (PropertyPlaceholderHelper.java:163) Resolved placeholder 'jdbc.timeBetweenEvictionRunsMillis'
TRACE [main] 2018-04-27 00:08:49 (PropertyPlaceholderHelper.java:163) Resolved placeholder 'jdbc.minEvictableIdleTimeMillis'
TRACE [main] 2018-04-27 00:08:49 (PropertyPlaceholderHelper.java:163) Resolved placeholder 'jdbc.testSql'
TRACE [main] 2018-04-27 00:08:49 (PropertyPlaceholderHelper.java:163) Resolved placeholder 'jdbc.url'
TRACE [main] 2018-04-27 00:08:49 (PropertyPlaceholderHelper.java:163) Resolved placeholder 'jdbc.driver'
TRACE [main] 2018-04-27 00:08:49 (PropertyPlaceholderHelper.java:163) Resolved placeholder 'jdbc.username'
TRACE [main] 2018-04-27 00:08:49 (PropertyPlaceholderHelper.java:163) Resolved placeholder 'jdbc.password'
TRACE [main] 2018-04-27 00:08:49 (AbstractAutoProxyCreator.java:383) Did not attempt to auto-proxy infrastructure class [org.springframework.transaction.interceptor.BeanFactoryTransactionAttributeSourceAdvisor]
TRACE [main] 2018-04-27 00:08:50 (AbstractAutoProxyCreator.java:383) Did not attempt to auto-proxy infrastructure class [org.springframework.transaction.interceptor.TransactionInterceptor]
TRACE [main] 2018-04-27 00:08:50 (AbstractAutoProxyCreator.java:383) Did not attempt to auto-proxy infrastructure class [org.springframework.transaction.interceptor.TransactionInterceptor]
TRACE [main] 2018-04-27 00:09:10 (ClassPathScanningCandidateComponentProvider.java:426) Scanning file [/home/lgj/aProject/aRealPrj/LanMeiShop/LanMeiShop/lanmei-admin/lanmei-admin-dao/target/classes/org/lanmei/admin/dao/mapper/CmsAdminLoginMapper.class]
TRACE [main] 2018-04-27 00:09:10 (ClassPathScanningCandidateComponentProvider.java:426) Scanning file [/home/lgj/aProject/aRealPrj/LanMeiShop/LanMeiShop/lanmei-admin/lanmei-admin-dao/target/classes/org/lanmei/admin/dao/mapper/CmsAdminMapper.class]
TRACE [main] 2018-04-27 00:09:10 (ClassPathScanningCandidateComponentProvider.java:426) Scanning file [/home/lgj/aProject/aRealPrj/LanMeiShop/LanMeiShop/lanmei-os-user/lanmei-user-dao/target/classes/org/lanmei/user/dao/mapper/OsFavoritesMapper.class]
TRACE [main] 2018-04-27 00:09:10 (ClassPathScanningCandidateComponentProvider.java:426) Scanning file [/home/lgj/aProject/aRealPrj/LanMeiShop/LanMeiShop/lanmei-os-user/lanmei-user-dao/target/classes/org/lanmei/user/dao/mapper/OsReceiptAddressMapper.class]
TRACE [main] 2018-04-27 00:09:10 (ClassPathScanningCandidateComponentProvider.java:426) Scanning file [/home/lgj/aProject/aRealPrj/LanMeiShop/LanMeiShop/lanmei-os-user/lanmei-user-dao/target/classes/org/lanmei/user/dao/mapper/OsUserLoginMapper.class]
TRACE [main] 2018-04-27 00:09:10 (ClassPathScanningCandidateComponentProvider.java:426) Scanning file [/home/lgj/aProject/aRealPrj/LanMeiShop/LanMeiShop/lanmei-os-user/lanmei-user-dao/target/classes/org/lanmei/user/dao/mapper/OsUserMapper.class]
TRACE [main] 2018-04-27 00:09:10 (PropertyPlaceholderHelper.java:163) Resolved placeholder 'jdbc.url'
TRACE [main] 2018-04-27 00:09:10 (PropertyPlaceholderHelper.java:163) Resolved placeholder 'jdbc.username'
TRACE [main] 2018-04-27 00:09:10 (PropertyPlaceholderHelper.java:163) Resolved placeholder 'jdbc.password'
TRACE [main] 2018-04-27 00:09:10 (PropertyPlaceholderHelper.java:163) Resolved placeholder 'jdbc.pool.init'
TRACE [main] 2018-04-27 00:09:10 (PropertyPlaceholderHelper.java:163) Resolved placeholder 'jdbc.pool.minIdle'
TRACE [main] 2018-04-27 00:09:10 (PropertyPlaceholderHelper.java:163) Resolved placeholder 'jdbc.pool.maxActive'
TRACE [main] 2018-04-27 00:09:10 (PropertyPlaceholderHelper.java:163) Resolved placeholder 'jdbc.maxWait'
TRACE [main] 2018-04-27 00:09:10 (PropertyPlaceholderHelper.java:163) Resolved placeholder 'jdbc.timeBetweenEvictionRunsMillis'
TRACE [main] 2018-04-27 00:09:10 (PropertyPlaceholderHelper.java:163) Resolved placeholder 'jdbc.minEvictableIdleTimeMillis'
TRACE [main] 2018-04-27 00:09:10 (PropertyPlaceholderHelper.java:163) Resolved placeholder 'jdbc.testSql'
TRACE [main] 2018-04-27 00:09:10 (PropertyPlaceholderHelper.java:163) Resolved placeholder 'jdbc.url'
TRACE [main] 2018-04-27 00:09:10 (PropertyPlaceholderHelper.java:163) Resolved placeholder 'jdbc.driver'
TRACE [main] 2018-04-27 00:09:10 (PropertyPlaceholderHelper.java:163) Resolved placeholder 'jdbc.username'
TRACE [main] 2018-04-27 00:09:10 (PropertyPlaceholderHelper.java:163) Resolved placeholder 'jdbc.password'
TRACE [main] 2018-04-27 00:09:11 (AbstractAutoProxyCreator.java:383) Did not attempt to auto-proxy infrastructure class [org.springframework.transaction.interceptor.BeanFactoryTransactionAttributeSourceAdvisor]
TRACE [main] 2018-04-27 00:09:11 (AbstractAutoProxyCreator.java:383) Did not attempt to auto-proxy infrastructure class [org.springframework.transaction.interceptor.TransactionInterceptor]
TRACE [main] 2018-04-27 00:09:11 (AbstractAutoProxyCreator.java:383) Did not attempt to auto-proxy infrastructure class [org.springframework.transaction.interceptor.TransactionInterceptor]
TRACE [main] 2018-04-27 00:19:32 (ClassPathScanningCandidateComponentProvider.java:426) Scanning file [/home/lgj/aProject/aRealPrj/LanMeiShop/LanMeiShop/lanmei-admin/lanmei-admin-dao/target/classes/org/lanmei/admin/dao/mapper/CmsAdminLoginMapper.class]
TRACE [main] 2018-04-27 00:19:32 (ClassPathScanningCandidateComponentProvider.java:426) Scanning file [/home/lgj/aProject/aRealPrj/LanMeiShop/LanMeiShop/lanmei-admin/lanmei-admin-dao/target/classes/org/lanmei/admin/dao/mapper/CmsAdminMapper.class]
TRACE [main] 2018-04-27 00:19:32 (ClassPathScanningCandidateComponentProvider.java:426) Scanning file [/home/lgj/aProject/aRealPrj/LanMeiShop/LanMeiShop/lanmei-os-user/lanmei-user-dao/target/classes/org/lanmei/user/dao/mapper/OsFavoritesMapper.class]
TRACE [main] 2018-04-27 00:19:32 (ClassPathScanningCandidateComponentProvider.java:426) Scanning file [/home/lgj/aProject/aRealPrj/LanMeiShop/LanMeiShop/lanmei-os-user/lanmei-user-dao/target/classes/org/lanmei/user/dao/mapper/OsReceiptAddressMapper.class]
TRACE [main] 2018-04-27 00:19:32 (ClassPathScanningCandidateComponentProvider.java:426) Scanning file [/home/lgj/aProject/aRealPrj/LanMeiShop/LanMeiShop/lanmei-os-user/lanmei-user-dao/target/classes/org/lanmei/user/dao/mapper/OsUserLoginMapper.class]
TRACE [main] 2018-04-27 00:19:32 (ClassPathScanningCandidateComponentProvider.java:426) Scanning file [/home/lgj/aProject/aRealPrj/LanMeiShop/LanMeiShop/lanmei-os-user/lanmei-user-dao/target/classes/org/lanmei/user/dao/mapper/OsUserMapper.class]
TRACE [main] 2018-04-27 00:19:32 (PropertyPlaceholderHelper.java:163) Resolved placeholder 'jdbc.url'
TRACE [main] 2018-04-27 00:19:32 (PropertyPlaceholderHelper.java:163) Resolved placeholder 'jdbc.username'
TRACE [main] 2018-04-27 00:19:32 (PropertyPlaceholderHelper.java:163) Resolved placeholder 'jdbc.password'
TRACE [main] 2018-04-27 00:19:32 (PropertyPlaceholderHelper.java:163) Resolved placeholder 'jdbc.pool.init'
TRACE [main] 2018-04-27 00:19:32 (PropertyPlaceholderHelper.java:163) Resolved placeholder 'jdbc.pool.minIdle'
TRACE [main] 2018-04-27 00:19:32 (PropertyPlaceholderHelper.java:163) Resolved placeholder 'jdbc.pool.maxActive'
TRACE [main] 2018-04-27 00:19:32 (PropertyPlaceholderHelper.java:163) Resolved placeholder 'jdbc.maxWait'
TRACE [main] 2018-04-27 00:19:32 (PropertyPlaceholderHelper.java:163) Resolved placeholder 'jdbc.timeBetweenEvictionRunsMillis'
TRACE [main] 2018-04-27 00:19:32 (PropertyPlaceholderHelper.java:163) Resolved placeholder 'jdbc.minEvictableIdleTimeMillis'
TRACE [main] 2018-04-27 00:19:32 (PropertyPlaceholderHelper.java:163) Resolved placeholder 'jdbc.testSql'
TRACE [main] 2018-04-27 00:19:32 (PropertyPlaceholderHelper.java:163) Resolved placeholder 'jdbc.url'
TRACE [main] 2018-04-27 00:19:32 (PropertyPlaceholderHelper.java:163) Resolved placeholder 'jdbc.driver'
TRACE [main] 2018-04-27 00:19:32 (PropertyPlaceholderHelper.java:163) Resolved placeholder 'jdbc.username'
TRACE [main] 2018-04-27 00:19:32 (PropertyPlaceholderHelper.java:163) Resolved placeholder 'jdbc.password'
TRACE [main] 2018-04-27 00:19:32 (AbstractAutoProxyCreator.java:383) Did not attempt to auto-proxy infrastructure class [org.springframework.transaction.interceptor.BeanFactoryTransactionAttributeSourceAdvisor]
TRACE [main] 2018-04-27 00:19:33 (AbstractAutoProxyCreator.java:383) Did not attempt to auto-proxy infrastructure class [org.springframework.transaction.interceptor.TransactionInterceptor]
TRACE [main] 2018-04-27 00:19:33 (AbstractAutoProxyCreator.java:383) Did not attempt to auto-proxy infrastructure class [org.springframework.transaction.interceptor.TransactionInterceptor]
TRACE [main] 2018-04-27 00:20:19 (ClassPathScanningCandidateComponentProvider.java:426) Scanning file [/home/lgj/aProject/aRealPrj/LanMeiShop/LanMeiShop/lanmei-admin/lanmei-admin-dao/target/classes/org/lanmei/admin/dao/mapper/CmsAdminLoginMapper.class]
TRACE [main] 2018-04-27 00:20:19 (ClassPathScanningCandidateComponentProvider.java:426) Scanning file [/home/lgj/aProject/aRealPrj/LanMeiShop/LanMeiShop/lanmei-admin/lanmei-admin-dao/target/classes/org/lanmei/admin/dao/mapper/CmsAdminMapper.class]
TRACE [main] 2018-04-27 00:20:19 (ClassPathScanningCandidateComponentProvider.java:426) Scanning file [/home/lgj/aProject/aRealPrj/LanMeiShop/LanMeiShop/lanmei-os-user/lanmei-user-dao/target/classes/org/lanmei/user/dao/mapper/OsFavoritesMapper.class]
TRACE [main] 2018-04-27 00:20:19 (ClassPathScanningCandidateComponentProvider.java:426) Scanning file [/home/lgj/aProject/aRealPrj/LanMeiShop/LanMeiShop/lanmei-os-user/lanmei-user-dao/target/classes/org/lanmei/user/dao/mapper/OsReceiptAddressMapper.class]
TRACE [main] 2018-04-27 00:20:19 (ClassPathScanningCandidateComponentProvider.java:426) Scanning file [/home/lgj/aProject/aRealPrj/LanMeiShop/LanMeiShop/lanmei-os-user/lanmei-user-dao/target/classes/org/lanmei/user/dao/mapper/OsUserLoginMapper.class]
TRACE [main] 2018-04-27 00:20:19 (ClassPathScanningCandidateComponentProvider.java:426) Scanning file [/home/lgj/aProject/aRealPrj/LanMeiShop/LanMeiShop/lanmei-os-user/lanmei-user-dao/target/classes/org/lanmei/user/dao/mapper/OsUserMapper.class]
TRACE [main] 2018-04-27 00:20:19 (PropertyPlaceholderHelper.java:163) Resolved placeholder 'jdbc.url'
TRACE [main] 2018-04-27 00:20:19 (PropertyPlaceholderHelper.java:163) Resolved placeholder 'jdbc.username'
TRACE [main] 2018-04-27 00:20:19 (PropertyPlaceholderHelper.java:163) Resolved placeholder 'jdbc.password'
TRACE [main] 2018-04-27 00:20:19 (PropertyPlaceholderHelper.java:163) Resolved placeholder 'jdbc.pool.init'
TRACE [main] 2018-04-27 00:20:19 (PropertyPlaceholderHelper.java:163) Resolved placeholder 'jdbc.pool.minIdle'
TRACE [main] 2018-04-27 00:20:19 (PropertyPlaceholderHelper.java:163) Resolved placeholder 'jdbc.pool.maxActive'
TRACE [main] 2018-04-27 00:20:19 (PropertyPlaceholderHelper.java:163) Resolved placeholder 'jdbc.maxWait'
TRACE [main] 2018-04-27 00:20:19 (PropertyPlaceholderHelper.java:163) Resolved placeholder 'jdbc.timeBetweenEvictionRunsMillis'
TRACE [main] 2018-04-27 00:20:19 (PropertyPlaceholderHelper.java:163) Resolved placeholder 'jdbc.minEvictableIdleTimeMillis'
TRACE [main] 2018-04-27 00:20:19 (PropertyPlaceholderHelper.java:163) Resolved placeholder 'jdbc.testSql'
TRACE [main] 2018-04-27 00:20:19 (PropertyPlaceholderHelper.java:163) Resolved placeholder 'jdbc.url'
TRACE [main] 2018-04-27 00:20:19 (PropertyPlaceholderHelper.java:163) Resolved placeholder 'jdbc.driver'
TRACE [main] 2018-04-27 00:20:19 (PropertyPlaceholderHelper.java:163) Resolved placeholder 'jdbc.username'
TRACE [main] 2018-04-27 00:20:19 (PropertyPlaceholderHelper.java:163) Resolved placeholder 'jdbc.password'
TRACE [main] 2018-04-27 00:20:19 (AbstractAutoProxyCreator.java:383) Did not attempt to auto-proxy infrastructure class [org.springframework.transaction.interceptor.BeanFactoryTransactionAttributeSourceAdvisor]
TRACE [main] 2018-04-27 00:20:20 (AbstractAutoProxyCreator.java:383) Did not attempt to auto-proxy infrastructure class [org.springframework.transaction.interceptor.TransactionInterceptor]
TRACE [main] 2018-04-27 00:20:20 (AbstractAutoProxyCreator.java:383) Did not attempt to auto-proxy infrastructure class [org.springframework.transaction.interceptor.TransactionInterceptor]
