 INFO [main] 2018-04-09 17:52:17 (StdSchedulerFactory.java:1184) Using default implementation for ThreadExecutor
 INFO [main] 2018-04-09 17:52:17 (SimpleThreadPool.java:268) Job execution threads will use class loader of thread: main
 INFO [main] 2018-04-09 17:52:17 (SchedulerSignalerImpl.java:61) Initialized Scheduler Signaller of type: class org.quartz.core.SchedulerSignalerImpl
 INFO [main] 2018-04-09 17:52:17 (QuartzScheduler.java:240) Quartz Scheduler v.2.2.1 created.
 INFO [main] 2018-04-09 17:52:17 (RAMJobStore.java:155) RAMJobStore initialized.
 INFO [main] 2018-04-09 17:52:17 (QuartzScheduler.java:305) Scheduler meta-data: Quartz Scheduler (v2.2.1) 'DefaultQuartzScheduler' with instanceId 'NON_CLUSTERED'
  Scheduler class: 'org.quartz.core.QuartzScheduler' - running locally.
  NOT STARTED.
  Currently in standby mode.
  Number of jobs executed: 0
  Using thread pool 'org.quartz.simpl.SimpleThreadPool' - with 10 threads.
  Using job-store 'org.quartz.simpl.RAMJobStore' - which does not support persistence. and is not clustered.

 INFO [main] 2018-04-09 17:52:17 (StdSchedulerFactory.java:1339) Quartz scheduler 'DefaultQuartzScheduler' initialized from default resource file in Quartz package: 'quartz.properties'
 INFO [main] 2018-04-09 17:52:17 (StdSchedulerFactory.java:1343) Quartz scheduler version: 2.2.1
 INFO [main] 2018-04-09 17:52:17 (QuartzScheduler.java:575) Scheduler DefaultQuartzScheduler_$_NON_CLUSTERED started.
 INFO [main] 2018-04-09 17:53:22 (QuartzScheduler.java:694) Scheduler DefaultQuartzScheduler_$_NON_CLUSTERED shutting down.
 INFO [main] 2018-04-09 17:53:22 (QuartzScheduler.java:613) Scheduler DefaultQuartzScheduler_$_NON_CLUSTERED paused.
 INFO [main] 2018-04-09 17:53:22 (QuartzScheduler.java:771) Scheduler DefaultQuartzScheduler_$_NON_CLUSTERED shutdown complete.
 INFO [main] 2018-04-09 18:03:40 (StdSchedulerFactory.java:1184) Using default implementation for ThreadExecutor
 INFO [main] 2018-04-09 18:03:40 (SimpleThreadPool.java:268) Job execution threads will use class loader of thread: main
 INFO [main] 2018-04-09 18:03:40 (SchedulerSignalerImpl.java:61) Initialized Scheduler Signaller of type: class org.quartz.core.SchedulerSignalerImpl
 INFO [main] 2018-04-09 18:03:40 (QuartzScheduler.java:240) Quartz Scheduler v.2.2.1 created.
 INFO [main] 2018-04-09 18:03:40 (RAMJobStore.java:155) RAMJobStore initialized.
 INFO [main] 2018-04-09 18:03:40 (QuartzScheduler.java:305) Scheduler meta-data: Quartz Scheduler (v2.2.1) 'DefaultQuartzScheduler' with instanceId 'NON_CLUSTERED'
  Scheduler class: 'org.quartz.core.QuartzScheduler' - running locally.
  NOT STARTED.
  Currently in standby mode.
  Number of jobs executed: 0
  Using thread pool 'org.quartz.simpl.SimpleThreadPool' - with 10 threads.
  Using job-store 'org.quartz.simpl.RAMJobStore' - which does not support persistence. and is not clustered.

 INFO [main] 2018-04-09 18:03:40 (StdSchedulerFactory.java:1339) Quartz scheduler 'DefaultQuartzScheduler' initialized from default resource file in Quartz package: 'quartz.properties'
 INFO [main] 2018-04-09 18:03:40 (StdSchedulerFactory.java:1343) Quartz scheduler version: 2.2.1
 INFO [main] 2018-04-09 18:03:40 (QuartzScheduler.java:575) Scheduler DefaultQuartzScheduler_$_NON_CLUSTERED started.
 INFO [main] 2018-04-09 18:10:55 (StdSchedulerFactory.java:1184) Using default implementation for ThreadExecutor
 INFO [main] 2018-04-09 18:10:55 (SimpleThreadPool.java:268) Job execution threads will use class loader of thread: main
 INFO [main] 2018-04-09 18:10:55 (SchedulerSignalerImpl.java:61) Initialized Scheduler Signaller of type: class org.quartz.core.SchedulerSignalerImpl
 INFO [main] 2018-04-09 18:10:55 (QuartzScheduler.java:240) Quartz Scheduler v.2.2.1 created.
 INFO [main] 2018-04-09 18:10:55 (RAMJobStore.java:155) RAMJobStore initialized.
 INFO [main] 2018-04-09 18:10:55 (QuartzScheduler.java:305) Scheduler meta-data: Quartz Scheduler (v2.2.1) 'DefaultQuartzScheduler' with instanceId 'NON_CLUSTERED'
  Scheduler class: 'org.quartz.core.QuartzScheduler' - running locally.
  NOT STARTED.
  Currently in standby mode.
  Number of jobs executed: 0
  Using thread pool 'org.quartz.simpl.SimpleThreadPool' - with 10 threads.
  Using job-store 'org.quartz.simpl.RAMJobStore' - which does not support persistence. and is not clustered.

 INFO [main] 2018-04-09 18:10:55 (StdSchedulerFactory.java:1339) Quartz scheduler 'DefaultQuartzScheduler' initialized from default resource file in Quartz package: 'quartz.properties'
 INFO [main] 2018-04-09 18:10:55 (StdSchedulerFactory.java:1343) Quartz scheduler version: 2.2.1
 INFO [main] 2018-04-09 18:11:39 (StdSchedulerFactory.java:1184) Using default implementation for ThreadExecutor
 INFO [main] 2018-04-09 18:11:39 (SimpleThreadPool.java:268) Job execution threads will use class loader of thread: main
 INFO [main] 2018-04-09 18:11:39 (SchedulerSignalerImpl.java:61) Initialized Scheduler Signaller of type: class org.quartz.core.SchedulerSignalerImpl
 INFO [main] 2018-04-09 18:11:39 (QuartzScheduler.java:240) Quartz Scheduler v.2.2.1 created.
 INFO [main] 2018-04-09 18:11:39 (RAMJobStore.java:155) RAMJobStore initialized.
 INFO [main] 2018-04-09 18:11:39 (QuartzScheduler.java:305) Scheduler meta-data: Quartz Scheduler (v2.2.1) 'DefaultQuartzScheduler' with instanceId 'NON_CLUSTERED'
  Scheduler class: 'org.quartz.core.QuartzScheduler' - running locally.
  NOT STARTED.
  Currently in standby mode.
  Number of jobs executed: 0
  Using thread pool 'org.quartz.simpl.SimpleThreadPool' - with 10 threads.
  Using job-store 'org.quartz.simpl.RAMJobStore' - which does not support persistence. and is not clustered.

 INFO [main] 2018-04-09 18:11:39 (StdSchedulerFactory.java:1339) Quartz scheduler 'DefaultQuartzScheduler' initialized from default resource file in Quartz package: 'quartz.properties'
 INFO [main] 2018-04-09 18:11:39 (StdSchedulerFactory.java:1343) Quartz scheduler version: 2.2.1
 INFO [main] 2018-04-09 18:11:39 (QuartzScheduler.java:575) Scheduler DefaultQuartzScheduler_$_NON_CLUSTERED started.
 INFO [main] 2018-04-09 18:12:25 (StdSchedulerFactory.java:1184) Using default implementation for ThreadExecutor
 INFO [main] 2018-04-09 18:12:25 (SimpleThreadPool.java:268) Job execution threads will use class loader of thread: main
 INFO [main] 2018-04-09 18:12:25 (SchedulerSignalerImpl.java:61) Initialized Scheduler Signaller of type: class org.quartz.core.SchedulerSignalerImpl
 INFO [main] 2018-04-09 18:12:25 (QuartzScheduler.java:240) Quartz Scheduler v.2.2.1 created.
 INFO [main] 2018-04-09 18:12:25 (RAMJobStore.java:155) RAMJobStore initialized.
 INFO [main] 2018-04-09 18:12:25 (QuartzScheduler.java:305) Scheduler meta-data: Quartz Scheduler (v2.2.1) 'DefaultQuartzScheduler' with instanceId 'NON_CLUSTERED'
  Scheduler class: 'org.quartz.core.QuartzScheduler' - running locally.
  NOT STARTED.
  Currently in standby mode.
  Number of jobs executed: 0
  Using thread pool 'org.quartz.simpl.SimpleThreadPool' - with 10 threads.
  Using job-store 'org.quartz.simpl.RAMJobStore' - which does not support persistence. and is not clustered.

 INFO [main] 2018-04-09 18:12:25 (StdSchedulerFactory.java:1339) Quartz scheduler 'DefaultQuartzScheduler' initialized from default resource file in Quartz package: 'quartz.properties'
 INFO [main] 2018-04-09 18:12:25 (StdSchedulerFactory.java:1343) Quartz scheduler version: 2.2.1
 INFO [main] 2018-04-09 18:12:25 (QuartzScheduler.java:575) Scheduler DefaultQuartzScheduler_$_NON_CLUSTERED started.
 INFO [main] 2018-04-09 18:13:33 (StdSchedulerFactory.java:1184) Using default implementation for ThreadExecutor
 INFO [main] 2018-04-09 18:13:33 (SimpleThreadPool.java:268) Job execution threads will use class loader of thread: main
 INFO [main] 2018-04-09 18:13:33 (SchedulerSignalerImpl.java:61) Initialized Scheduler Signaller of type: class org.quartz.core.SchedulerSignalerImpl
 INFO [main] 2018-04-09 18:13:33 (QuartzScheduler.java:240) Quartz Scheduler v.2.2.1 created.
 INFO [main] 2018-04-09 18:13:33 (RAMJobStore.java:155) RAMJobStore initialized.
 INFO [main] 2018-04-09 18:13:33 (QuartzScheduler.java:305) Scheduler meta-data: Quartz Scheduler (v2.2.1) 'DefaultQuartzScheduler' with instanceId 'NON_CLUSTERED'
  Scheduler class: 'org.quartz.core.QuartzScheduler' - running locally.
  NOT STARTED.
  Currently in standby mode.
  Number of jobs executed: 0
  Using thread pool 'org.quartz.simpl.SimpleThreadPool' - with 10 threads.
  Using job-store 'org.quartz.simpl.RAMJobStore' - which does not support persistence. and is not clustered.

 INFO [main] 2018-04-09 18:13:33 (StdSchedulerFactory.java:1339) Quartz scheduler 'DefaultQuartzScheduler' initialized from default resource file in Quartz package: 'quartz.properties'
 INFO [main] 2018-04-09 18:13:33 (StdSchedulerFactory.java:1343) Quartz scheduler version: 2.2.1
 INFO [main] 2018-04-09 18:13:33 (QuartzScheduler.java:575) Scheduler DefaultQuartzScheduler_$_NON_CLUSTERED started.
 INFO [main] 2018-04-09 18:17:14 (StdSchedulerFactory.java:1184) Using default implementation for ThreadExecutor
 INFO [main] 2018-04-09 18:17:14 (SimpleThreadPool.java:268) Job execution threads will use class loader of thread: main
 INFO [main] 2018-04-09 18:17:14 (SchedulerSignalerImpl.java:61) Initialized Scheduler Signaller of type: class org.quartz.core.SchedulerSignalerImpl
 INFO [main] 2018-04-09 18:17:14 (QuartzScheduler.java:240) Quartz Scheduler v.2.2.1 created.
 INFO [main] 2018-04-09 18:17:14 (RAMJobStore.java:155) RAMJobStore initialized.
 INFO [main] 2018-04-09 18:17:14 (QuartzScheduler.java:305) Scheduler meta-data: Quartz Scheduler (v2.2.1) 'DefaultQuartzScheduler' with instanceId 'NON_CLUSTERED'
  Scheduler class: 'org.quartz.core.QuartzScheduler' - running locally.
  NOT STARTED.
  Currently in standby mode.
  Number of jobs executed: 0
  Using thread pool 'org.quartz.simpl.SimpleThreadPool' - with 10 threads.
  Using job-store 'org.quartz.simpl.RAMJobStore' - which does not support persistence. and is not clustered.

 INFO [main] 2018-04-09 18:17:14 (StdSchedulerFactory.java:1339) Quartz scheduler 'DefaultQuartzScheduler' initialized from default resource file in Quartz package: 'quartz.properties'
 INFO [main] 2018-04-09 18:17:14 (StdSchedulerFactory.java:1343) Quartz scheduler version: 2.2.1
 INFO [main] 2018-04-09 18:19:27 (StdSchedulerFactory.java:1184) Using default implementation for ThreadExecutor
 INFO [main] 2018-04-09 18:19:27 (SimpleThreadPool.java:268) Job execution threads will use class loader of thread: main
 INFO [main] 2018-04-09 18:19:27 (SchedulerSignalerImpl.java:61) Initialized Scheduler Signaller of type: class org.quartz.core.SchedulerSignalerImpl
 INFO [main] 2018-04-09 18:19:27 (QuartzScheduler.java:240) Quartz Scheduler v.2.2.1 created.
 INFO [main] 2018-04-09 18:19:27 (RAMJobStore.java:155) RAMJobStore initialized.
 INFO [main] 2018-04-09 18:19:27 (QuartzScheduler.java:305) Scheduler meta-data: Quartz Scheduler (v2.2.1) 'DefaultQuartzScheduler' with instanceId 'NON_CLUSTERED'
  Scheduler class: 'org.quartz.core.QuartzScheduler' - running locally.
  NOT STARTED.
  Currently in standby mode.
  Number of jobs executed: 0
  Using thread pool 'org.quartz.simpl.SimpleThreadPool' - with 10 threads.
  Using job-store 'org.quartz.simpl.RAMJobStore' - which does not support persistence. and is not clustered.

 INFO [main] 2018-04-09 18:19:27 (StdSchedulerFactory.java:1339) Quartz scheduler 'DefaultQuartzScheduler' initialized from default resource file in Quartz package: 'quartz.properties'
 INFO [main] 2018-04-09 18:19:27 (StdSchedulerFactory.java:1343) Quartz scheduler version: 2.2.1
 INFO [main] 2018-04-09 18:19:27 (QuartzScheduler.java:575) Scheduler DefaultQuartzScheduler_$_NON_CLUSTERED started.
 INFO [main] 2018-04-09 18:38:26 (StdSchedulerFactory.java:1184) Using default implementation for ThreadExecutor
 INFO [main] 2018-04-09 18:38:26 (SimpleThreadPool.java:268) Job execution threads will use class loader of thread: main
 INFO [main] 2018-04-09 18:38:27 (SchedulerSignalerImpl.java:61) Initialized Scheduler Signaller of type: class org.quartz.core.SchedulerSignalerImpl
 INFO [main] 2018-04-09 18:38:27 (QuartzScheduler.java:240) Quartz Scheduler v.2.2.1 created.
 INFO [main] 2018-04-09 18:38:27 (RAMJobStore.java:155) RAMJobStore initialized.
 INFO [main] 2018-04-09 18:38:27 (QuartzScheduler.java:305) Scheduler meta-data: Quartz Scheduler (v2.2.1) 'DefaultQuartzScheduler' with instanceId 'NON_CLUSTERED'
  Scheduler class: 'org.quartz.core.QuartzScheduler' - running locally.
  NOT STARTED.
  Currently in standby mode.
  Number of jobs executed: 0
  Using thread pool 'org.quartz.simpl.SimpleThreadPool' - with 10 threads.
  Using job-store 'org.quartz.simpl.RAMJobStore' - which does not support persistence. and is not clustered.

 INFO [main] 2018-04-09 18:38:27 (StdSchedulerFactory.java:1339) Quartz scheduler 'DefaultQuartzScheduler' initialized from default resource file in Quartz package: 'quartz.properties'
 INFO [main] 2018-04-09 18:38:27 (StdSchedulerFactory.java:1343) Quartz scheduler version: 2.2.1
 INFO [main] 2018-04-09 18:38:45 (StdSchedulerFactory.java:1184) Using default implementation for ThreadExecutor
 INFO [main] 2018-04-09 18:38:45 (SimpleThreadPool.java:268) Job execution threads will use class loader of thread: main
 INFO [main] 2018-04-09 18:38:45 (SchedulerSignalerImpl.java:61) Initialized Scheduler Signaller of type: class org.quartz.core.SchedulerSignalerImpl
 INFO [main] 2018-04-09 18:38:45 (QuartzScheduler.java:240) Quartz Scheduler v.2.2.1 created.
 INFO [main] 2018-04-09 18:38:45 (RAMJobStore.java:155) RAMJobStore initialized.
 INFO [main] 2018-04-09 18:38:45 (QuartzScheduler.java:305) Scheduler meta-data: Quartz Scheduler (v2.2.1) 'DefaultQuartzScheduler' with instanceId 'NON_CLUSTERED'
  Scheduler class: 'org.quartz.core.QuartzScheduler' - running locally.
  NOT STARTED.
  Currently in standby mode.
  Number of jobs executed: 0
  Using thread pool 'org.quartz.simpl.SimpleThreadPool' - with 10 threads.
  Using job-store 'org.quartz.simpl.RAMJobStore' - which does not support persistence. and is not clustered.

 INFO [main] 2018-04-09 18:38:45 (StdSchedulerFactory.java:1339) Quartz scheduler 'DefaultQuartzScheduler' initialized from default resource file in Quartz package: 'quartz.properties'
 INFO [main] 2018-04-09 18:38:45 (StdSchedulerFactory.java:1343) Quartz scheduler version: 2.2.1
 INFO [main] 2018-04-09 18:38:45 (QuartzScheduler.java:575) Scheduler DefaultQuartzScheduler_$_NON_CLUSTERED started.
 INFO [main] 2018-04-09 18:40:23 (StdSchedulerFactory.java:1184) Using default implementation for ThreadExecutor
 INFO [main] 2018-04-09 18:40:23 (SimpleThreadPool.java:268) Job execution threads will use class loader of thread: main
 INFO [main] 2018-04-09 18:40:24 (SchedulerSignalerImpl.java:61) Initialized Scheduler Signaller of type: class org.quartz.core.SchedulerSignalerImpl
 INFO [main] 2018-04-09 18:40:24 (QuartzScheduler.java:240) Quartz Scheduler v.2.2.1 created.
 INFO [main] 2018-04-09 18:40:24 (RAMJobStore.java:155) RAMJobStore initialized.
 INFO [main] 2018-04-09 18:40:24 (QuartzScheduler.java:305) Scheduler meta-data: Quartz Scheduler (v2.2.1) 'DefaultQuartzScheduler' with instanceId 'NON_CLUSTERED'
  Scheduler class: 'org.quartz.core.QuartzScheduler' - running locally.
  NOT STARTED.
  Currently in standby mode.
  Number of jobs executed: 0
  Using thread pool 'org.quartz.simpl.SimpleThreadPool' - with 10 threads.
  Using job-store 'org.quartz.simpl.RAMJobStore' - which does not support persistence. and is not clustered.

 INFO [main] 2018-04-09 18:40:24 (StdSchedulerFactory.java:1339) Quartz scheduler 'DefaultQuartzScheduler' initialized from default resource file in Quartz package: 'quartz.properties'
 INFO [main] 2018-04-09 18:40:24 (StdSchedulerFactory.java:1343) Quartz scheduler version: 2.2.1
 INFO [main] 2018-04-09 18:40:24 (QuartzScheduler.java:575) Scheduler DefaultQuartzScheduler_$_NON_CLUSTERED started.
