 INFO [main] 2018-05-01 15:35:25 (AbstractTestContextBootstrapper.java:248) Loaded default TestExecutionListener class names from location [META-INF/spring.factories]: [org.springframework.test.context.web.ServletTestExecutionListener, org.springframework.test.context.support.DirtiesContextBeforeModesTestExecutionListener, org.springframework.test.context.support.DependencyInjectionTestExecutionListener, org.springframework.test.context.support.DirtiesContextTestExecutionListener, org.springframework.test.context.transaction.TransactionalTestExecutionListener, org.springframework.test.context.jdbc.SqlScriptsTestExecutionListener]
 INFO [main] 2018-05-01 15:35:25 (AbstractTestContextBootstrapper.java:177) Using TestExecutionListeners: [org.springframework.test.context.web.ServletTestExecutionListener@5ddea849, org.springframework.test.context.support.DirtiesContextBeforeModesTestExecutionListener@5ee2b6f9, org.springframework.test.context.support.DependencyInjectionTestExecutionListener@23d1e5d0, org.springframework.test.context.support.DirtiesContextTestExecutionListener@704f1591, org.springframework.test.context.transaction.TransactionalTestExecutionListener@58fb7731, org.springframework.test.context.jdbc.SqlScriptsTestExecutionListener@13e547a9]
 INFO [main] 2018-05-01 15:48:52 (AbstractTestContextBootstrapper.java:248) Loaded default TestExecutionListener class names from location [META-INF/spring.factories]: [org.springframework.test.context.web.ServletTestExecutionListener, org.springframework.test.context.support.DirtiesContextBeforeModesTestExecutionListener, org.springframework.test.context.support.DependencyInjectionTestExecutionListener, org.springframework.test.context.support.DirtiesContextTestExecutionListener, org.springframework.test.context.transaction.TransactionalTestExecutionListener, org.springframework.test.context.jdbc.SqlScriptsTestExecutionListener]
 INFO [main] 2018-05-01 15:48:52 (AbstractTestContextBootstrapper.java:177) Using TestExecutionListeners: [org.springframework.test.context.web.ServletTestExecutionListener@54e22bdd, org.springframework.test.context.support.DirtiesContextBeforeModesTestExecutionListener@3bd418e4, org.springframework.test.context.support.DependencyInjectionTestExecutionListener@544820b7, org.springframework.test.context.support.DirtiesContextTestExecutionListener@6b98a075, org.springframework.test.context.transaction.TransactionalTestExecutionListener@2e61d218, org.springframework.test.context.jdbc.SqlScriptsTestExecutionListener@3569fc08]
 INFO [main] 2018-05-01 15:48:52 (XmlBeanDefinitionReader.java:316) Loading XML bean definitions from class path resource [spring/spring-context.xml]
 INFO [main] 2018-05-01 15:48:53 (XmlBeanDefinitionReader.java:316) Loading XML bean definitions from class path resource [spring/applicationContext-mybatis.xml]
 INFO [main] 2018-05-01 15:48:53 (XmlBeanDefinitionReader.java:316) Loading XML bean definitions from class path resource [spring/applicationContext-cache.xml]
 INFO [main] 2018-05-01 15:48:53 (XmlBeanDefinitionReader.java:316) Loading XML bean definitions from class path resource [spring/applicationContext-shiro.xml]
 INFO [main] 2018-05-01 15:48:53 (XmlBeanDefinitionReader.java:316) Loading XML bean definitions from class path resource [spring/applicationContext-kaptcha.xml]
 INFO [main] 2018-05-01 15:48:53 (XmlBeanDefinitionReader.java:316) Loading XML bean definitions from class path resource [spring/applicationContext-email.xml]
 INFO [main] 2018-05-01 15:48:53 (AbstractApplicationContext.java:589) Refreshing org.springframework.context.support.GenericApplicationContext@3542162a: startup date [Tue May 01 15:48:53 CST 2018]; root of context hierarchy
 INFO [main] 2018-05-01 15:48:54 (XmlBeanDefinitionReader.java:316) Loading XML bean definitions from class path resource [spring/spring-context.xml]
 INFO [main] 2018-05-01 15:48:54 (XmlBeanDefinitionReader.java:316) Loading XML bean definitions from class path resource [spring/applicationContext-mybatis.xml]
 INFO [main] 2018-05-01 15:48:54 (XmlBeanDefinitionReader.java:316) Loading XML bean definitions from class path resource [spring/applicationContext-cache.xml]
 INFO [main] 2018-05-01 15:48:54 (XmlBeanDefinitionReader.java:316) Loading XML bean definitions from class path resource [spring/applicationContext-shiro.xml]
 INFO [main] 2018-05-01 15:48:54 (XmlBeanDefinitionReader.java:316) Loading XML bean definitions from class path resource [spring/applicationContext-kaptcha.xml]
 INFO [main] 2018-05-01 15:48:54 (XmlBeanDefinitionReader.java:316) Loading XML bean definitions from class path resource [spring/applicationContext-email.xml]
 INFO [main] 2018-05-01 15:48:54 (AbstractApplicationContext.java:589) Refreshing org.springframework.context.support.GenericApplicationContext@37d00a23: startup date [Tue May 01 15:48:54 CST 2018]; root of context hierarchy
 INFO [main] 2018-05-01 15:48:54 (XmlBeanDefinitionReader.java:316) Loading XML bean definitions from class path resource [spring/spring-context.xml]
 INFO [main] 2018-05-01 15:48:54 (XmlBeanDefinitionReader.java:316) Loading XML bean definitions from class path resource [spring/applicationContext-mybatis.xml]
 INFO [main] 2018-05-01 15:48:54 (XmlBeanDefinitionReader.java:316) Loading XML bean definitions from class path resource [spring/applicationContext-cache.xml]
 INFO [main] 2018-05-01 15:48:54 (XmlBeanDefinitionReader.java:316) Loading XML bean definitions from class path resource [spring/applicationContext-shiro.xml]
 INFO [main] 2018-05-01 15:48:54 (XmlBeanDefinitionReader.java:316) Loading XML bean definitions from class path resource [spring/applicationContext-kaptcha.xml]
 INFO [main] 2018-05-01 15:48:54 (XmlBeanDefinitionReader.java:316) Loading XML bean definitions from class path resource [spring/applicationContext-email.xml]
 INFO [main] 2018-05-01 15:48:54 (AbstractApplicationContext.java:589) Refreshing org.springframework.context.support.GenericApplicationContext@7c974942: startup date [Tue May 01 15:48:54 CST 2018]; root of context hierarchy
 INFO [main] 2018-05-01 15:48:55 (XmlBeanDefinitionReader.java:316) Loading XML bean definitions from class path resource [spring/spring-context.xml]
 INFO [main] 2018-05-01 15:48:55 (XmlBeanDefinitionReader.java:316) Loading XML bean definitions from class path resource [spring/applicationContext-mybatis.xml]
 INFO [main] 2018-05-01 15:48:55 (XmlBeanDefinitionReader.java:316) Loading XML bean definitions from class path resource [spring/applicationContext-cache.xml]
 INFO [main] 2018-05-01 15:48:55 (XmlBeanDefinitionReader.java:316) Loading XML bean definitions from class path resource [spring/applicationContext-shiro.xml]
 INFO [main] 2018-05-01 15:48:55 (XmlBeanDefinitionReader.java:316) Loading XML bean definitions from class path resource [spring/applicationContext-kaptcha.xml]
 INFO [main] 2018-05-01 15:48:55 (XmlBeanDefinitionReader.java:316) Loading XML bean definitions from class path resource [spring/applicationContext-email.xml]
 INFO [main] 2018-05-01 15:48:55 (AbstractApplicationContext.java:589) Refreshing org.springframework.context.support.GenericApplicationContext@7a6ebe1e: startup date [Tue May 01 15:48:55 CST 2018]; root of context hierarchy
