TRACE [main] 2018-05-01 15:35:25 (ContextLoaderUtils.java:262) Retrieved @ContextConfiguration [@org.springframework.test.context.ContextConfiguration(locations=[file:/home/lgj/aProject/aRealPrj/LanMeiShop/LanMeiShop/lanmei-cms-web/src/main/resources/spring/spring-context.xml], initializers=[], inheritInitializers=true, inheritLocations=true, name=, value=[file:/home/lgj/aProject/aRealPrj/LanMeiShop/LanMeiShop/lanmei-cms-web/src/main/resources/spring/spring-context.xml], loader=interface org.springframework.test.context.ContextLoader, classes=[])] for declaring class [org.lanmei.seckill.serviceImpl.SeckillServiceImplTest].
TRACE [main] 2018-05-01 15:35:25 (ContextLoaderUtils.java:268) Resolved context configuration attributes: [ContextConfigurationAttributes@ff684e1 declaringClass = 'org.lanmei.seckill.serviceImpl.SeckillServiceImplTest', classes = '{}', locations = '{file:/home/lgj/aProject/aRealPrj/LanMeiShop/LanMeiShop/lanmei-cms-web/src/main/resources/spring/spring-context.xml}', inheritLocations = true, initializers = '{}', inheritInitializers = true, name = [null], contextLoaderClass = 'org.springframework.test.context.ContextLoader']
TRACE [main] 2018-05-01 15:35:25 (AbstractTestContextBootstrapper.java:489) Resolving ContextLoader for context configuration attributes [ContextConfigurationAttributes@ff684e1 declaringClass = 'org.lanmei.seckill.serviceImpl.SeckillServiceImplTest', classes = '{}', locations = '{file:/home/lgj/aProject/aRealPrj/LanMeiShop/LanMeiShop/lanmei-cms-web/src/main/resources/spring/spring-context.xml}', inheritLocations = true, initializers = '{}', inheritInitializers = true, name = [null], contextLoaderClass = 'org.springframework.test.context.ContextLoader']
TRACE [main] 2018-05-01 15:35:25 (AbstractTestContextBootstrapper.java:455) Using ContextLoader class [org.springframework.test.context.support.DelegatingSmartContextLoader] for test class [org.lanmei.seckill.serviceImpl.SeckillServiceImplTest]
TRACE [main] 2018-05-01 15:35:25 (AbstractTestContextBootstrapper.java:355) Processing locations and classes for context configuration attributes [ContextConfigurationAttributes@ff684e1 declaringClass = 'org.lanmei.seckill.serviceImpl.SeckillServiceImplTest', classes = '{}', locations = '{file:/home/lgj/aProject/aRealPrj/LanMeiShop/LanMeiShop/lanmei-cms-web/src/main/resources/spring/spring-context.xml}', inheritLocations = true, initializers = '{}', inheritInitializers = true, name = [null], contextLoaderClass = 'org.springframework.test.context.ContextLoader']
TRACE [main] 2018-05-01 15:35:25 (ApplicationContextInitializerUtils.java:80) Processing context initializers for context configuration attributes [ContextConfigurationAttributes@ff684e1 declaringClass = 'org.lanmei.seckill.serviceImpl.SeckillServiceImplTest', classes = '{}', locations = '{file:/home/lgj/aProject/aRealPrj/LanMeiShop/LanMeiShop/lanmei-cms-web/src/main/resources/spring/spring-context.xml}', inheritLocations = true, initializers = '{}', inheritInitializers = true, name = [null], contextLoaderClass = 'org.springframework.test.context.ContextLoader']
TRACE [main] 2018-05-01 15:35:25 (TestContextManager.java:162) Registering TestExecutionListener: org.springframework.test.context.web.ServletTestExecutionListener@5ddea849
TRACE [main] 2018-05-01 15:35:25 (TestContextManager.java:162) Registering TestExecutionListener: org.springframework.test.context.support.DirtiesContextBeforeModesTestExecutionListener@5ee2b6f9
TRACE [main] 2018-05-01 15:35:25 (TestContextManager.java:162) Registering TestExecutionListener: org.springframework.test.context.support.DependencyInjectionTestExecutionListener@23d1e5d0
TRACE [main] 2018-05-01 15:35:25 (TestContextManager.java:162) Registering TestExecutionListener: org.springframework.test.context.support.DirtiesContextTestExecutionListener@704f1591
TRACE [main] 2018-05-01 15:35:25 (TestContextManager.java:162) Registering TestExecutionListener: org.springframework.test.context.transaction.TransactionalTestExecutionListener@58fb7731
TRACE [main] 2018-05-01 15:35:25 (TestContextManager.java:162) Registering TestExecutionListener: org.springframework.test.context.jdbc.SqlScriptsTestExecutionListener@13e547a9
TRACE [main] 2018-05-01 15:48:51 (ContextLoaderUtils.java:262) Retrieved @ContextConfiguration [@org.springframework.test.context.ContextConfiguration(name=, value=[classpath:spring/spring-context.xml], loader=interface org.springframework.test.context.ContextLoader, classes=[], locations=[classpath:spring/spring-context.xml], inheritLocations=true, inheritInitializers=true, initializers=[])] for declaring class [org.lanmei.seckill.serviceImpl.SeckillServiceImplTest].
TRACE [main] 2018-05-01 15:48:51 (ContextLoaderUtils.java:268) Resolved context configuration attributes: [ContextConfigurationAttributes@906d29b declaringClass = 'org.lanmei.seckill.serviceImpl.SeckillServiceImplTest', classes = '{}', locations = '{classpath:spring/spring-context.xml}', inheritLocations = true, initializers = '{}', inheritInitializers = true, name = [null], contextLoaderClass = 'org.springframework.test.context.ContextLoader']
TRACE [main] 2018-05-01 15:48:51 (AbstractTestContextBootstrapper.java:489) Resolving ContextLoader for context configuration attributes [ContextConfigurationAttributes@906d29b declaringClass = 'org.lanmei.seckill.serviceImpl.SeckillServiceImplTest', classes = '{}', locations = '{classpath:spring/spring-context.xml}', inheritLocations = true, initializers = '{}', inheritInitializers = true, name = [null], contextLoaderClass = 'org.springframework.test.context.ContextLoader']
TRACE [main] 2018-05-01 15:48:51 (AbstractTestContextBootstrapper.java:455) Using ContextLoader class [org.springframework.test.context.support.DelegatingSmartContextLoader] for test class [org.lanmei.seckill.serviceImpl.SeckillServiceImplTest]
TRACE [main] 2018-05-01 15:48:51 (AbstractTestContextBootstrapper.java:355) Processing locations and classes for context configuration attributes [ContextConfigurationAttributes@906d29b declaringClass = 'org.lanmei.seckill.serviceImpl.SeckillServiceImplTest', classes = '{}', locations = '{classpath:spring/spring-context.xml}', inheritLocations = true, initializers = '{}', inheritInitializers = true, name = [null], contextLoaderClass = 'org.springframework.test.context.ContextLoader']
TRACE [main] 2018-05-01 15:48:52 (ApplicationContextInitializerUtils.java:80) Processing context initializers for context configuration attributes [ContextConfigurationAttributes@906d29b declaringClass = 'org.lanmei.seckill.serviceImpl.SeckillServiceImplTest', classes = '{}', locations = '{classpath:spring/spring-context.xml}', inheritLocations = true, initializers = '{}', inheritInitializers = true, name = [null], contextLoaderClass = 'org.springframework.test.context.ContextLoader']
TRACE [main] 2018-05-01 15:48:52 (TestContextManager.java:162) Registering TestExecutionListener: org.springframework.test.context.web.ServletTestExecutionListener@54e22bdd
TRACE [main] 2018-05-01 15:48:52 (TestContextManager.java:162) Registering TestExecutionListener: org.springframework.test.context.support.DirtiesContextBeforeModesTestExecutionListener@3bd418e4
TRACE [main] 2018-05-01 15:48:52 (TestContextManager.java:162) Registering TestExecutionListener: org.springframework.test.context.support.DependencyInjectionTestExecutionListener@544820b7
TRACE [main] 2018-05-01 15:48:52 (TestContextManager.java:162) Registering TestExecutionListener: org.springframework.test.context.support.DirtiesContextTestExecutionListener@6b98a075
TRACE [main] 2018-05-01 15:48:52 (TestContextManager.java:162) Registering TestExecutionListener: org.springframework.test.context.transaction.TransactionalTestExecutionListener@2e61d218
TRACE [main] 2018-05-01 15:48:52 (TestContextManager.java:162) Registering TestExecutionListener: org.springframework.test.context.jdbc.SqlScriptsTestExecutionListener@3569fc08
TRACE [main] 2018-05-01 15:48:52 (TestContextManager.java:205) beforeTestClass(): class [org.lanmei.seckill.serviceImpl.SeckillServiceImplTest]
TRACE [main] 2018-05-01 15:48:52 (TestContextManager.java:236) prepareTestInstance(): instance [org.lanmei.seckill.serviceImpl.SeckillServiceImplTest@f478a81]
TRACE [main] 2018-05-01 15:48:54 (ClassPathScanningCandidateComponentProvider.java:426) Scanning file [/home/lgj/aProject/aRealPrj/LanMeiShop/LanMeiShop/lanmei-seckill/lanmei-seckill-dao/target/classes/org/lanmei/seckill/dao/mapper/SeckillMapper.class]
TRACE [main] 2018-05-01 15:48:54 (ClassPathScanningCandidateComponentProvider.java:426) Scanning file [/home/lgj/aProject/aRealPrj/LanMeiShop/LanMeiShop/lanmei-seckill/lanmei-seckill-dao/target/classes/org/lanmei/seckill/dao/mapper/SeckillSuccessMapper.class]
TRACE [main] 2018-05-01 15:48:54 (TestContextManager.java:236) prepareTestInstance(): instance [org.lanmei.seckill.serviceImpl.SeckillServiceImplTest@3c2772d1]
TRACE [main] 2018-05-01 15:48:54 (ClassPathScanningCandidateComponentProvider.java:426) Scanning file [/home/lgj/aProject/aRealPrj/LanMeiShop/LanMeiShop/lanmei-seckill/lanmei-seckill-dao/target/classes/org/lanmei/seckill/dao/mapper/SeckillMapper.class]
TRACE [main] 2018-05-01 15:48:54 (ClassPathScanningCandidateComponentProvider.java:426) Scanning file [/home/lgj/aProject/aRealPrj/LanMeiShop/LanMeiShop/lanmei-seckill/lanmei-seckill-dao/target/classes/org/lanmei/seckill/dao/mapper/SeckillSuccessMapper.class]
TRACE [main] 2018-05-01 15:48:54 (TestContextManager.java:236) prepareTestInstance(): instance [org.lanmei.seckill.serviceImpl.SeckillServiceImplTest@4525d1d3]
TRACE [main] 2018-05-01 15:48:55 (ClassPathScanningCandidateComponentProvider.java:426) Scanning file [/home/lgj/aProject/aRealPrj/LanMeiShop/LanMeiShop/lanmei-seckill/lanmei-seckill-dao/target/classes/org/lanmei/seckill/dao/mapper/SeckillMapper.class]
TRACE [main] 2018-05-01 15:48:55 (ClassPathScanningCandidateComponentProvider.java:426) Scanning file [/home/lgj/aProject/aRealPrj/LanMeiShop/LanMeiShop/lanmei-seckill/lanmei-seckill-dao/target/classes/org/lanmei/seckill/dao/mapper/SeckillSuccessMapper.class]
TRACE [main] 2018-05-01 15:48:55 (TestContextManager.java:236) prepareTestInstance(): instance [org.lanmei.seckill.serviceImpl.SeckillServiceImplTest@417d6615]
TRACE [main] 2018-05-01 15:48:55 (ClassPathScanningCandidateComponentProvider.java:426) Scanning file [/home/lgj/aProject/aRealPrj/LanMeiShop/LanMeiShop/lanmei-seckill/lanmei-seckill-dao/target/classes/org/lanmei/seckill/dao/mapper/SeckillMapper.class]
TRACE [main] 2018-05-01 15:48:55 (ClassPathScanningCandidateComponentProvider.java:426) Scanning file [/home/lgj/aProject/aRealPrj/LanMeiShop/LanMeiShop/lanmei-seckill/lanmei-seckill-dao/target/classes/org/lanmei/seckill/dao/mapper/SeckillSuccessMapper.class]
TRACE [main] 2018-05-01 15:48:55 (TestContextManager.java:472) afterTestClass(): class [org.lanmei.seckill.serviceImpl.SeckillServiceImplTest]
